02:28:59 **** Build of configuration Release for project Control_Panel ****
"C:\\dev\\Programs\\sloeber\\arduinoPlugin\\tools\\make\\make" all 
'Building file: ../.ino.cpp'
'Starting C++ compile'
"C:\dev\Programs\sloeber\arduinoPlugin\tools\arduino\avr-gcc\4.9.2-atmel3.5.3-arduino2/bin/avr-g++" -c -g -Os -std=gnu++11 -fpermissive -fno-exceptions -ffunction-sections -fdata-sections -fno-threadsafe-statics -MMD -flto -mmcu=atmega2560 -DF_CPU=16000000L -DARDUINO=10609 -DARDUINO_AVR_MEGA2560 -DARDUINO_ARCH_AVR   -I"C:\dev\Programs\sloeber\arduinoPlugin\packages\arduino\hardware\avr\1.6.13\cores\arduino" -I"C:\dev\Programs\sloeber\arduinoPlugin\packages\arduino\hardware\avr\1.6.13\variants\mega" -I"C:\dev\Programs\sloeber\arduinoPlugin\packages\arduino\hardware\avr\1.6.13\libraries\Wire" -I"C:\dev\Programs\sloeber\arduinoPlugin\packages\arduino\hardware\avr\1.6.13\libraries\Wire\src" -I"C:\dev\Programs\sloeber\arduinoPlugin\packages\arduino\hardware\avr\1.6.13\libraries\SoftwareSerial" -I"C:\dev\Programs\sloeber\arduinoPlugin\packages\arduino\hardware\avr\1.6.13\libraries\SoftwareSerial\src" -MMD -MP -MF".ino.cpp.d" -MT".ino.cpp.o" -D__IN_ECLIPSE__=1 -x c++ "../.ino.cpp" -o ".ino.cpp.o"  -Wall
In file included from ../.ino.cpp:87:0:
../Engine-Serial_Messages.ino: In function 'void bootCredits()':
../Engine-Serial_Messages.ino:16:55: warning: deprecated conversion from string constant to 'char*' [-Wwrite-strings]
       "stetson2@illinois.edu", "Last Updated: 9/8/16" };
                                                       ^
../Engine-Serial_Messages.ino:16:55: warning: deprecated conversion from string constant to 'char*' [-Wwrite-strings]
../Engine-Serial_Messages.ino:16:55: warning: deprecated conversion from string constant to 'char*' [-Wwrite-strings]
../Engine-Serial_Messages.ino:16:55: warning: deprecated conversion from string constant to 'char*' [-Wwrite-strings]
../Engine-Serial_Messages.ino: In function 'void bootSerial(int)':
../Engine-Serial_Messages.ino:51:123: warning: deprecated conversion from string constant to 'char*' [-Wwrite-strings]
           "ATTENTION: E-STOP TEST, E-STOP RESET, & WARNING HORN have been skipped. Please restart if this was a mistake." };
                                                                                                                           ^
../Engine-Serial_Messages.ino:51:123: warning: deprecated conversion from string constant to 'char*' [-Wwrite-strings]
../Engine-Serial_Messages.ino:51:123: warning: deprecated conversion from string constant to 'char*' [-Wwrite-strings]
../Engine-Serial_Messages.ino: In function 'void lampTestSerial(int)':
../Engine-Serial_Messages.ino:89:33: warning: deprecated conversion from string constant to 'char*' [-Wwrite-strings]
           "LAMP TEST COMPLETE." };
                                 ^
../Engine-Serial_Messages.ino:89:33: warning: deprecated conversion from string constant to 'char*' [-Wwrite-strings]
../Engine-Serial_Messages.ino:89:33: warning: deprecated conversion from string constant to 'char*' [-Wwrite-strings]
../Engine-Serial_Messages.ino:89:33: warning: deprecated conversion from string constant to 'char*' [-Wwrite-strings]
../Engine-Serial_Messages.ino:89:33: warning: deprecated conversion from string constant to 'char*' [-Wwrite-strings]
../Engine-Serial_Messages.ino:89:33: warning: deprecated conversion from string constant to 'char*' [-Wwrite-strings]
../Engine-Serial_Messages.ino:89:33: warning: deprecated conversion from string constant to 'char*' [-Wwrite-strings]
../Engine-Serial_Messages.ino:89:33: warning: deprecated conversion from string constant to 'char*' [-Wwrite-strings]
../Engine-Serial_Messages.ino:90:74: warning: deprecated conversion from string constant to 'char*' [-Wwrite-strings]
   char* eM[] = { "Cannot complete lamp test. \n Switch GATES to CLOSED." };
                                                                          ^
../Engine-Serial_Messages.ino: In function 'void stopTestSerial(int)':
../Engine-Serial_Messages.ino:131:58: warning: deprecated conversion from string constant to 'char*' [-Wwrite-strings]
   char* p[] { "Switch to AUTO MODE to continue startup." };
                                                          ^
../Engine-Serial_Messages.ino:142:3: warning: deprecated conversion from string constant to 'char*' [-Wwrite-strings]
   };
   ^
../Engine-Serial_Messages.ino:142:3: warning: deprecated conversion from string constant to 'char*' [-Wwrite-strings]
../Engine-Serial_Messages.ino:142:3: warning: deprecated conversion from string constant to 'char*' [-Wwrite-strings]
../Engine-Serial_Messages.ino:142:3: warning: deprecated conversion from string constant to 'char*' [-Wwrite-strings]
../Engine-Serial_Messages.ino:142:3: warning: deprecated conversion from string constant to 'char*' [-Wwrite-strings]
../Engine-Serial_Messages.ino:142:3: warning: deprecated conversion from string constant to 'char*' [-Wwrite-strings]
../Engine-Serial_Messages.ino:142:3: warning: deprecated conversion from string constant to 'char*' [-Wwrite-strings]
../Engine-Serial_Messages.ino: In function 'void longStartupSerial(int)':
../Engine-Serial_Messages.ino:202:58: warning: deprecated conversion from string constant to 'char*' [-Wwrite-strings]
   char* p[] { "Switch to AUTO MODE to continue startup." };
                                                          ^
../Engine-Serial_Messages.ino:210:3: warning: deprecated conversion from string constant to 'char*' [-Wwrite-strings]
   };
   ^
../Engine-Serial_Messages.ino:210:3: warning: deprecated conversion from string constant to 'char*' [-Wwrite-strings]
../Engine-Serial_Messages.ino:210:3: warning: deprecated conversion from string constant to 'char*' [-Wwrite-strings]
../Engine-Serial_Messages.ino:210:3: warning: deprecated conversion from string constant to 'char*' [-Wwrite-strings]
../Engine-Serial_Messages.ino:210:3: warning: deprecated conversion from string constant to 'char*' [-Wwrite-strings]
../Engine-Serial_Messages.ino: In function 'void esrStartupSerial(int)':
../Engine-Serial_Messages.ino:248:58: warning: deprecated conversion from string constant to 'char*' [-Wwrite-strings]
   char* p[] { "Switch to AUTO MODE to continue startup." };
                                                          ^
../Engine-Serial_Messages.ino:254:3: warning: deprecated conversion from string constant to 'char*' [-Wwrite-strings]
   };
   ^
../Engine-Serial_Messages.ino:254:3: warning: deprecated conversion from string constant to 'char*' [-Wwrite-strings]
../Engine-Serial_Messages.ino:254:3: warning: deprecated conversion from string constant to 'char*' [-Wwrite-strings]
../Engine-Serial_Messages.ino: In function 'void functionsChooseSerial(int)':
../Engine-Serial_Messages.ino:288:42: warning: deprecated conversion from string constant to 'char*' [-Wwrite-strings]
           "EXTRA FUNCTIONS BOOTED TXT!!" };
                                          ^
../Engine-Serial_Messages.ino:288:42: warning: deprecated conversion from string constant to 'char*' [-Wwrite-strings]
../Engine-Serial_Messages.ino:288:42: warning: deprecated conversion from string constant to 'char*' [-Wwrite-strings]
../Engine-Serial_Messages.ino:288:42: warning: deprecated conversion from string constant to 'char*' [-Wwrite-strings]
../Engine-Serial_Messages.ino: In function 'void functionSerial(int)':
../Engine-Serial_Messages.ino:318:80: warning: deprecated conversion from string constant to 'char*' [-Wwrite-strings]
           "PAGE 3 (BYPASS MODE): TROUBLESHOOTING & DEBUG MENU; ADVANCED ONLY!" };
                                                                                ^
../Engine-Serial_Messages.ino:318:80: warning: deprecated conversion from string constant to 'char*' [-Wwrite-strings]
../Engine-Serial_Messages.ino:318:80: warning: deprecated conversion from string constant to 'char*' [-Wwrite-strings]
../Engine-Serial_Messages.ino:318:80: warning: deprecated conversion from string constant to 'char*' [-Wwrite-strings]
../Engine-Serial_Messages.ino:318:80: warning: deprecated conversion from string constant to 'char*' [-Wwrite-strings]
../Engine-Serial_Messages.ino: In function 'void functionPage1Serial(int)':
../Engine-Serial_Messages.ino:344:63: warning: deprecated conversion from string constant to 'char*' [-Wwrite-strings]
       "SUPERVISOR MODE ENABLED!", "SUPERVISOR MODE DISABLED!" };
                                                               ^
../Engine-Serial_Messages.ino:344:63: warning: deprecated conversion from string constant to 'char*' [-Wwrite-strings]
../Engine-Serial_Messages.ino:344:63: warning: deprecated conversion from string constant to 'char*' [-Wwrite-strings]
../Engine-Serial_Messages.ino:344:63: warning: deprecated conversion from string constant to 'char*' [-Wwrite-strings]
../Engine-Serial_Messages.ino:344:63: warning: deprecated conversion from string constant to 'char*' [-Wwrite-strings]
../Engine-Serial_Messages.ino:344:63: warning: deprecated conversion from string constant to 'char*' [-Wwrite-strings]
../Engine-Serial_Messages.ino:344:63: warning: deprecated conversion from string constant to 'char*' [-Wwrite-strings]
../Engine-Serial_Messages.ino:344:63: warning: deprecated conversion from string constant to 'char*' [-Wwrite-strings]
../Engine-Serial_Messages.ino:344:63: warning: deprecated conversion from string constant to 'char*' [-Wwrite-strings]
../Engine-Serial_Messages.ino:344:63: warning: deprecated conversion from string constant to 'char*' [-Wwrite-strings]
../Engine-Serial_Messages.ino:344:63: warning: deprecated conversion from string constant to 'char*' [-Wwrite-strings]
../Engine-Serial_Messages.ino:344:63: warning: deprecated conversion from string constant to 'char*' [-Wwrite-strings]
../Engine-Serial_Messages.ino: In function 'void functionPage2Serial(int)':
../Engine-Serial_Messages.ino:389:24: warning: deprecated conversion from string constant to 'char*' [-Wwrite-strings]
   char* page2[] = { "" };
                        ^
../Engine-Serial_Messages.ino:389:9: warning: unused variable 'page2' [-Wunused-variable]
   char* page2[] = { "" };
         ^
In file included from ../.ino.cpp:89:0:
../Operations-Director.ino: In function 'void dispatchChecker()':
../Operations-Director.ino:49:15: warning: suggest parentheses around assignment used as truth value [-Wparentheses]
   if (mode = 1) {
               ^
../Operations-Director.ino:51:22: warning: suggest parentheses around assignment used as truth value [-Wparentheses]
   } else if (mode = 2) {
                      ^
../Operations-Director.ino:53:22: warning: suggest parentheses around assignment used as truth value [-Wparentheses]
   } else if (mode = 3) {
                      ^
In file included from ../.ino.cpp:90:0:
../Startup-Methods.ino: In function 'typeError()':
../Operations-Error_Handler.ino:12:8: warning: 'prevTypeInit' is used uninitialized in this function [-Wuninitialized]
   if (!prevTypeInit) {
        ^
'Finished building: ../.ino.cpp'
' '
'Building file: C:\dev\Programs\sloeber\arduinoPlugin\packages\arduino\hardware\avr\1.6.13\libraries\Wire\src\utility\twi.c'
'Starting C compile'
"C:\dev\Programs\sloeber\arduinoPlugin\tools\arduino\avr-gcc\4.9.2-atmel3.5.3-arduino2/bin/avr-gcc" -c -g -Os -std=gnu11 -ffunction-sections -fdata-sections -MMD -flto -fno-fat-lto-objects -mmcu=atmega2560 -DF_CPU=16000000L -DARDUINO=10609 -DARDUINO_AVR_MEGA2560 -DARDUINO_ARCH_AVR   -I"C:\dev\Programs\sloeber\arduinoPlugin\packages\arduino\hardware\avr\1.6.13\cores\arduino" -I"C:\dev\Programs\sloeber\arduinoPlugin\packages\arduino\hardware\avr\1.6.13\variants\mega" -I"C:\dev\Programs\sloeber\arduinoPlugin\packages\arduino\hardware\avr\1.6.13\libraries\Wire" -I"C:\dev\Programs\sloeber\arduinoPlugin\packages\arduino\hardware\avr\1.6.13\libraries\Wire\src" -I"C:\dev\Programs\sloeber\arduinoPlugin\packages\arduino\hardware\avr\1.6.13\libraries\SoftwareSerial" -I"C:\dev\Programs\sloeber\arduinoPlugin\packages\arduino\hardware\avr\1.6.13\libraries\SoftwareSerial\src" -MMD -MP -MF"libraries\Wire\src\utility\twi.c.d" -MT"libraries\Wire\src\utility\twi.c.o" -D__IN_ECLIPSE__=1 "C:\dev\Programs\sloeber\arduinoPlugin\packages\arduino\hardware\avr\1.6.13\libraries\Wire\src\utility\twi.c" -o "libraries\Wire\src\utility\twi.c.o"  -Wall
'Finished building: C:\dev\Programs\sloeber\arduinoPlugin\packages\arduino\hardware\avr\1.6.13\libraries\Wire\src\utility\twi.c'
' '
'Building file: C:\dev\Programs\sloeber\arduinoPlugin\packages\arduino\hardware\avr\1.6.13\libraries\Wire\src\Wire.cpp'
'Starting C++ compile'
"C:\dev\Programs\sloeber\arduinoPlugin\tools\arduino\avr-gcc\4.9.2-atmel3.5.3-arduino2/bin/avr-g++" -c -g -Os -std=gnu++11 -fpermissive -fno-exceptions -ffunction-sections -fdata-sections -fno-threadsafe-statics -MMD -flto -mmcu=atmega2560 -DF_CPU=16000000L -DARDUINO=10609 -DARDUINO_AVR_MEGA2560 -DARDUINO_ARCH_AVR   -I"C:\dev\Programs\sloeber\arduinoPlugin\packages\arduino\hardware\avr\1.6.13\cores\arduino" -I"C:\dev\Programs\sloeber\arduinoPlugin\packages\arduino\hardware\avr\1.6.13\variants\mega" -I"C:\dev\Programs\sloeber\arduinoPlugin\packages\arduino\hardware\avr\1.6.13\libraries\Wire" -I"C:\dev\Programs\sloeber\arduinoPlugin\packages\arduino\hardware\avr\1.6.13\libraries\Wire\src" -I"C:\dev\Programs\sloeber\arduinoPlugin\packages\arduino\hardware\avr\1.6.13\libraries\SoftwareSerial" -I"C:\dev\Programs\sloeber\arduinoPlugin\packages\arduino\hardware\avr\1.6.13\libraries\SoftwareSerial\src" -MMD -MP -MF"libraries\Wire\src\Wire.cpp.d" -MT"libraries\Wire\src\Wire.cpp.o" -D__IN_ECLIPSE__=1 -x c++ "C:\dev\Programs\sloeber\arduinoPlugin\packages\arduino\hardware\avr\1.6.13\libraries\Wire\src\Wire.cpp" -o "libraries\Wire\src\Wire.cpp.o"  -Wall
'Finished building: C:\dev\Programs\sloeber\arduinoPlugin\packages\arduino\hardware\avr\1.6.13\libraries\Wire\src\Wire.cpp'
' '
'Building file: C:\dev\Programs\sloeber\arduinoPlugin\packages\arduino\hardware\avr\1.6.13\libraries\SoftwareSerial\src\SoftwareSerial.cpp'
'Starting C++ compile'
"C:\dev\Programs\sloeber\arduinoPlugin\tools\arduino\avr-gcc\4.9.2-atmel3.5.3-arduino2/bin/avr-g++" -c -g -Os -std=gnu++11 -fpermissive -fno-exceptions -ffunction-sections -fdata-sections -fno-threadsafe-statics -MMD -flto -mmcu=atmega2560 -DF_CPU=16000000L -DARDUINO=10609 -DARDUINO_AVR_MEGA2560 -DARDUINO_ARCH_AVR   -I"C:\dev\Programs\sloeber\arduinoPlugin\packages\arduino\hardware\avr\1.6.13\cores\arduino" -I"C:\dev\Programs\sloeber\arduinoPlugin\packages\arduino\hardware\avr\1.6.13\variants\mega" -I"C:\dev\Programs\sloeber\arduinoPlugin\packages\arduino\hardware\avr\1.6.13\libraries\Wire" -I"C:\dev\Programs\sloeber\arduinoPlugin\packages\arduino\hardware\avr\1.6.13\libraries\Wire\src" -I"C:\dev\Programs\sloeber\arduinoPlugin\packages\arduino\hardware\avr\1.6.13\libraries\SoftwareSerial" -I"C:\dev\Programs\sloeber\arduinoPlugin\packages\arduino\hardware\avr\1.6.13\libraries\SoftwareSerial\src" -MMD -MP -MF"libraries\SoftwareSerial\src\SoftwareSerial.cpp.d" -MT"libraries\SoftwareSerial\src\SoftwareSerial.cpp.o" -D__IN_ECLIPSE__=1 -x c++ "C:\dev\Programs\sloeber\arduinoPlugin\packages\arduino\hardware\avr\1.6.13\libraries\SoftwareSerial\src\SoftwareSerial.cpp" -o "libraries\SoftwareSerial\src\SoftwareSerial.cpp.o"  -Wall
'Finished building: C:\dev\Programs\sloeber\arduinoPlugin\packages\arduino\hardware\avr\1.6.13\libraries\SoftwareSerial\src\SoftwareSerial.cpp'
' '
'Building file: C:\dev\Programs\sloeber\arduinoPlugin\packages\arduino\hardware\avr\1.6.13\cores\arduino\CDC.cpp'
'Starting C++ compile'
"C:\dev\Programs\sloeber\arduinoPlugin\tools\arduino\avr-gcc\4.9.2-atmel3.5.3-arduino2/bin/avr-g++" -c -g -Os -std=gnu++11 -fpermissive -fno-exceptions -ffunction-sections -fdata-sections -fno-threadsafe-statics -MMD -flto -mmcu=atmega2560 -DF_CPU=16000000L -DARDUINO=10609 -DARDUINO_AVR_MEGA2560 -DARDUINO_ARCH_AVR   -I"C:\dev\Programs\sloeber\arduinoPlugin\packages\arduino\hardware\avr\1.6.13\cores\arduino" -I"C:\dev\Programs\sloeber\arduinoPlugin\packages\arduino\hardware\avr\1.6.13\variants\mega" -I"C:\dev\Programs\sloeber\arduinoPlugin\packages\arduino\hardware\avr\1.6.13\libraries\Wire" -I"C:\dev\Programs\sloeber\arduinoPlugin\packages\arduino\hardware\avr\1.6.13\libraries\Wire\src" -I"C:\dev\Programs\sloeber\arduinoPlugin\packages\arduino\hardware\avr\1.6.13\libraries\SoftwareSerial" -I"C:\dev\Programs\sloeber\arduinoPlugin\packages\arduino\hardware\avr\1.6.13\libraries\SoftwareSerial\src" -MMD -MP -MF"core\CDC.cpp.d" -MT"core\CDC.cpp.o" -D__IN_ECLIPSE__=1 -x c++ "C:\dev\Programs\sloeber\arduinoPlugin\packages\arduino\hardware\avr\1.6.13\cores\arduino\CDC.cpp" -o "core\CDC.cpp.o"  -Wall
'Finished building: C:\dev\Programs\sloeber\arduinoPlugin\packages\arduino\hardware\avr\1.6.13\cores\arduino\CDC.cpp'
' '
'Building file: C:\dev\Programs\sloeber\arduinoPlugin\packages\arduino\hardware\avr\1.6.13\cores\arduino\HardwareSerial.cpp'
'Starting C++ compile'
"C:\dev\Programs\sloeber\arduinoPlugin\tools\arduino\avr-gcc\4.9.2-atmel3.5.3-arduino2/bin/avr-g++" -c -g -Os -std=gnu++11 -fpermissive -fno-exceptions -ffunction-sections -fdata-sections -fno-threadsafe-statics -MMD -flto -mmcu=atmega2560 -DF_CPU=16000000L -DARDUINO=10609 -DARDUINO_AVR_MEGA2560 -DARDUINO_ARCH_AVR   -I"C:\dev\Programs\sloeber\arduinoPlugin\packages\arduino\hardware\avr\1.6.13\cores\arduino" -I"C:\dev\Programs\sloeber\arduinoPlugin\packages\arduino\hardware\avr\1.6.13\variants\mega" -I"C:\dev\Programs\sloeber\arduinoPlugin\packages\arduino\hardware\avr\1.6.13\libraries\Wire" -I"C:\dev\Programs\sloeber\arduinoPlugin\packages\arduino\hardware\avr\1.6.13\libraries\Wire\src" -I"C:\dev\Programs\sloeber\arduinoPlugin\packages\arduino\hardware\avr\1.6.13\libraries\SoftwareSerial" -I"C:\dev\Programs\sloeber\arduinoPlugin\packages\arduino\hardware\avr\1.6.13\libraries\SoftwareSerial\src" -MMD -MP -MF"core\HardwareSerial.cpp.d" -MT"core\HardwareSerial.cpp.o" -D__IN_ECLIPSE__=1 -x c++ "C:\dev\Programs\sloeber\arduinoPlugin\packages\arduino\hardware\avr\1.6.13\cores\arduino\HardwareSerial.cpp" -o "core\HardwareSerial.cpp.o"  -Wall
'Finished building: C:\dev\Programs\sloeber\arduinoPlugin\packages\arduino\hardware\avr\1.6.13\cores\arduino\HardwareSerial.cpp'
' '
'Building file: C:\dev\Programs\sloeber\arduinoPlugin\packages\arduino\hardware\avr\1.6.13\cores\arduino\HardwareSerial0.cpp'
'Starting C++ compile'
"C:\dev\Programs\sloeber\arduinoPlugin\tools\arduino\avr-gcc\4.9.2-atmel3.5.3-arduino2/bin/avr-g++" -c -g -Os -std=gnu++11 -fpermissive -fno-exceptions -ffunction-sections -fdata-sections -fno-threadsafe-statics -MMD -flto -mmcu=atmega2560 -DF_CPU=16000000L -DARDUINO=10609 -DARDUINO_AVR_MEGA2560 -DARDUINO_ARCH_AVR   -I"C:\dev\Programs\sloeber\arduinoPlugin\packages\arduino\hardware\avr\1.6.13\cores\arduino" -I"C:\dev\Programs\sloeber\arduinoPlugin\packages\arduino\hardware\avr\1.6.13\variants\mega" -I"C:\dev\Programs\sloeber\arduinoPlugin\packages\arduino\hardware\avr\1.6.13\libraries\Wire" -I"C:\dev\Programs\sloeber\arduinoPlugin\packages\arduino\hardware\avr\1.6.13\libraries\Wire\src" -I"C:\dev\Programs\sloeber\arduinoPlugin\packages\arduino\hardware\avr\1.6.13\libraries\SoftwareSerial" -I"C:\dev\Programs\sloeber\arduinoPlugin\packages\arduino\hardware\avr\1.6.13\libraries\SoftwareSerial\src" -MMD -MP -MF"core\HardwareSerial0.cpp.d" -MT"core\HardwareSerial0.cpp.o" -D__IN_ECLIPSE__=1 -x c++ "C:\dev\Programs\sloeber\arduinoPlugin\packages\arduino\hardware\avr\1.6.13\cores\arduino\HardwareSerial0.cpp" -o "core\HardwareSerial0.cpp.o"  -Wall
'Finished building: C:\dev\Programs\sloeber\arduinoPlugin\packages\arduino\hardware\avr\1.6.13\cores\arduino\HardwareSerial0.cpp'
' '
'Building file: C:\dev\Programs\sloeber\arduinoPlugin\packages\arduino\hardware\avr\1.6.13\cores\arduino\HardwareSerial1.cpp'
'Starting C++ compile'
"C:\dev\Programs\sloeber\arduinoPlugin\tools\arduino\avr-gcc\4.9.2-atmel3.5.3-arduino2/bin/avr-g++" -c -g -Os -std=gnu++11 -fpermissive -fno-exceptions -ffunction-sections -fdata-sections -fno-threadsafe-statics -MMD -flto -mmcu=atmega2560 -DF_CPU=16000000L -DARDUINO=10609 -DARDUINO_AVR_MEGA2560 -DARDUINO_ARCH_AVR   -I"C:\dev\Programs\sloeber\arduinoPlugin\packages\arduino\hardware\avr\1.6.13\cores\arduino" -I"C:\dev\Programs\sloeber\arduinoPlugin\packages\arduino\hardware\avr\1.6.13\variants\mega" -I"C:\dev\Programs\sloeber\arduinoPlugin\packages\arduino\hardware\avr\1.6.13\libraries\Wire" -I"C:\dev\Programs\sloeber\arduinoPlugin\packages\arduino\hardware\avr\1.6.13\libraries\Wire\src" -I"C:\dev\Programs\sloeber\arduinoPlugin\packages\arduino\hardware\avr\1.6.13\libraries\SoftwareSerial" -I"C:\dev\Programs\sloeber\arduinoPlugin\packages\arduino\hardware\avr\1.6.13\libraries\SoftwareSerial\src" -MMD -MP -MF"core\HardwareSerial1.cpp.d" -MT"core\HardwareSerial1.cpp.o" -D__IN_ECLIPSE__=1 -x c++ "C:\dev\Programs\sloeber\arduinoPlugin\packages\arduino\hardware\avr\1.6.13\cores\arduino\HardwareSerial1.cpp" -o "core\HardwareSerial1.cpp.o"  -Wall
'Finished building: C:\dev\Programs\sloeber\arduinoPlugin\packages\arduino\hardware\avr\1.6.13\cores\arduino\HardwareSerial1.cpp'
' '
'Building file: C:\dev\Programs\sloeber\arduinoPlugin\packages\arduino\hardware\avr\1.6.13\cores\arduino\HardwareSerial2.cpp'
'Starting C++ compile'
"C:\dev\Programs\sloeber\arduinoPlugin\tools\arduino\avr-gcc\4.9.2-atmel3.5.3-arduino2/bin/avr-g++" -c -g -Os -std=gnu++11 -fpermissive -fno-exceptions -ffunction-sections -fdata-sections -fno-threadsafe-statics -MMD -flto -mmcu=atmega2560 -DF_CPU=16000000L -DARDUINO=10609 -DARDUINO_AVR_MEGA2560 -DARDUINO_ARCH_AVR   -I"C:\dev\Programs\sloeber\arduinoPlugin\packages\arduino\hardware\avr\1.6.13\cores\arduino" -I"C:\dev\Programs\sloeber\arduinoPlugin\packages\arduino\hardware\avr\1.6.13\variants\mega" -I"C:\dev\Programs\sloeber\arduinoPlugin\packages\arduino\hardware\avr\1.6.13\libraries\Wire" -I"C:\dev\Programs\sloeber\arduinoPlugin\packages\arduino\hardware\avr\1.6.13\libraries\Wire\src" -I"C:\dev\Programs\sloeber\arduinoPlugin\packages\arduino\hardware\avr\1.6.13\libraries\SoftwareSerial" -I"C:\dev\Programs\sloeber\arduinoPlugin\packages\arduino\hardware\avr\1.6.13\libraries\SoftwareSerial\src" -MMD -MP -MF"core\HardwareSerial2.cpp.d" -MT"core\HardwareSerial2.cpp.o" -D__IN_ECLIPSE__=1 -x c++ "C:\dev\Programs\sloeber\arduinoPlugin\packages\arduino\hardware\avr\1.6.13\cores\arduino\HardwareSerial2.cpp" -o "core\HardwareSerial2.cpp.o"  -Wall
'Finished building: C:\dev\Programs\sloeber\arduinoPlugin\packages\arduino\hardware\avr\1.6.13\cores\arduino\HardwareSerial2.cpp'
' '
'Building file: C:\dev\Programs\sloeber\arduinoPlugin\packages\arduino\hardware\avr\1.6.13\cores\arduino\HardwareSerial3.cpp'
'Starting C++ compile'
"C:\dev\Programs\sloeber\arduinoPlugin\tools\arduino\avr-gcc\4.9.2-atmel3.5.3-arduino2/bin/avr-g++" -c -g -Os -std=gnu++11 -fpermissive -fno-exceptions -ffunction-sections -fdata-sections -fno-threadsafe-statics -MMD -flto -mmcu=atmega2560 -DF_CPU=16000000L -DARDUINO=10609 -DARDUINO_AVR_MEGA2560 -DARDUINO_ARCH_AVR   -I"C:\dev\Programs\sloeber\arduinoPlugin\packages\arduino\hardware\avr\1.6.13\cores\arduino" -I"C:\dev\Programs\sloeber\arduinoPlugin\packages\arduino\hardware\avr\1.6.13\variants\mega" -I"C:\dev\Programs\sloeber\arduinoPlugin\packages\arduino\hardware\avr\1.6.13\libraries\Wire" -I"C:\dev\Programs\sloeber\arduinoPlugin\packages\arduino\hardware\avr\1.6.13\libraries\Wire\src" -I"C:\dev\Programs\sloeber\arduinoPlugin\packages\arduino\hardware\avr\1.6.13\libraries\SoftwareSerial" -I"C:\dev\Programs\sloeber\arduinoPlugin\packages\arduino\hardware\avr\1.6.13\libraries\SoftwareSerial\src" -MMD -MP -MF"core\HardwareSerial3.cpp.d" -MT"core\HardwareSerial3.cpp.o" -D__IN_ECLIPSE__=1 -x c++ "C:\dev\Programs\sloeber\arduinoPlugin\packages\arduino\hardware\avr\1.6.13\cores\arduino\HardwareSerial3.cpp" -o "core\HardwareSerial3.cpp.o"  -Wall
'Finished building: C:\dev\Programs\sloeber\arduinoPlugin\packages\arduino\hardware\avr\1.6.13\cores\arduino\HardwareSerial3.cpp'
' '
'Building file: C:\dev\Programs\sloeber\arduinoPlugin\packages\arduino\hardware\avr\1.6.13\cores\arduino\IPAddress.cpp'
'Starting C++ compile'
"C:\dev\Programs\sloeber\arduinoPlugin\tools\arduino\avr-gcc\4.9.2-atmel3.5.3-arduino2/bin/avr-g++" -c -g -Os -std=gnu++11 -fpermissive -fno-exceptions -ffunction-sections -fdata-sections -fno-threadsafe-statics -MMD -flto -mmcu=atmega2560 -DF_CPU=16000000L -DARDUINO=10609 -DARDUINO_AVR_MEGA2560 -DARDUINO_ARCH_AVR   -I"C:\dev\Programs\sloeber\arduinoPlugin\packages\arduino\hardware\avr\1.6.13\cores\arduino" -I"C:\dev\Programs\sloeber\arduinoPlugin\packages\arduino\hardware\avr\1.6.13\variants\mega" -I"C:\dev\Programs\sloeber\arduinoPlugin\packages\arduino\hardware\avr\1.6.13\libraries\Wire" -I"C:\dev\Programs\sloeber\arduinoPlugin\packages\arduino\hardware\avr\1.6.13\libraries\Wire\src" -I"C:\dev\Programs\sloeber\arduinoPlugin\packages\arduino\hardware\avr\1.6.13\libraries\SoftwareSerial" -I"C:\dev\Programs\sloeber\arduinoPlugin\packages\arduino\hardware\avr\1.6.13\libraries\SoftwareSerial\src" -MMD -MP -MF"core\IPAddress.cpp.d" -MT"core\IPAddress.cpp.o" -D__IN_ECLIPSE__=1 -x c++ "C:\dev\Programs\sloeber\arduinoPlugin\packages\arduino\hardware\avr\1.6.13\cores\arduino\IPAddress.cpp" -o "core\IPAddress.cpp.o"  -Wall
'Finished building: C:\dev\Programs\sloeber\arduinoPlugin\packages\arduino\hardware\avr\1.6.13\cores\arduino\IPAddress.cpp'
' '
'Building file: C:\dev\Programs\sloeber\arduinoPlugin\packages\arduino\hardware\avr\1.6.13\cores\arduino\PluggableUSB.cpp'
'Starting C++ compile'
"C:\dev\Programs\sloeber\arduinoPlugin\tools\arduino\avr-gcc\4.9.2-atmel3.5.3-arduino2/bin/avr-g++" -c -g -Os -std=gnu++11 -fpermissive -fno-exceptions -ffunction-sections -fdata-sections -fno-threadsafe-statics -MMD -flto -mmcu=atmega2560 -DF_CPU=16000000L -DARDUINO=10609 -DARDUINO_AVR_MEGA2560 -DARDUINO_ARCH_AVR   -I"C:\dev\Programs\sloeber\arduinoPlugin\packages\arduino\hardware\avr\1.6.13\cores\arduino" -I"C:\dev\Programs\sloeber\arduinoPlugin\packages\arduino\hardware\avr\1.6.13\variants\mega" -I"C:\dev\Programs\sloeber\arduinoPlugin\packages\arduino\hardware\avr\1.6.13\libraries\Wire" -I"C:\dev\Programs\sloeber\arduinoPlugin\packages\arduino\hardware\avr\1.6.13\libraries\Wire\src" -I"C:\dev\Programs\sloeber\arduinoPlugin\packages\arduino\hardware\avr\1.6.13\libraries\SoftwareSerial" -I"C:\dev\Programs\sloeber\arduinoPlugin\packages\arduino\hardware\avr\1.6.13\libraries\SoftwareSerial\src" -MMD -MP -MF"core\PluggableUSB.cpp.d" -MT"core\PluggableUSB.cpp.o" -D__IN_ECLIPSE__=1 -x c++ "C:\dev\Programs\sloeber\arduinoPlugin\packages\arduino\hardware\avr\1.6.13\cores\arduino\PluggableUSB.cpp" -o "core\PluggableUSB.cpp.o"  -Wall
'Finished building: C:\dev\Programs\sloeber\arduinoPlugin\packages\arduino\hardware\avr\1.6.13\cores\arduino\PluggableUSB.cpp'
' '
'Building file: C:\dev\Programs\sloeber\arduinoPlugin\packages\arduino\hardware\avr\1.6.13\cores\arduino\Print.cpp'
'Starting C++ compile'
"C:\dev\Programs\sloeber\arduinoPlugin\tools\arduino\avr-gcc\4.9.2-atmel3.5.3-arduino2/bin/avr-g++" -c -g -Os -std=gnu++11 -fpermissive -fno-exceptions -ffunction-sections -fdata-sections -fno-threadsafe-statics -MMD -flto -mmcu=atmega2560 -DF_CPU=16000000L -DARDUINO=10609 -DARDUINO_AVR_MEGA2560 -DARDUINO_ARCH_AVR   -I"C:\dev\Programs\sloeber\arduinoPlugin\packages\arduino\hardware\avr\1.6.13\cores\arduino" -I"C:\dev\Programs\sloeber\arduinoPlugin\packages\arduino\hardware\avr\1.6.13\variants\mega" -I"C:\dev\Programs\sloeber\arduinoPlugin\packages\arduino\hardware\avr\1.6.13\libraries\Wire" -I"C:\dev\Programs\sloeber\arduinoPlugin\packages\arduino\hardware\avr\1.6.13\libraries\Wire\src" -I"C:\dev\Programs\sloeber\arduinoPlugin\packages\arduino\hardware\avr\1.6.13\libraries\SoftwareSerial" -I"C:\dev\Programs\sloeber\arduinoPlugin\packages\arduino\hardware\avr\1.6.13\libraries\SoftwareSerial\src" -MMD -MP -MF"core\Print.cpp.d" -MT"core\Print.cpp.o" -D__IN_ECLIPSE__=1 -x c++ "C:\dev\Programs\sloeber\arduinoPlugin\packages\arduino\hardware\avr\1.6.13\cores\arduino\Print.cpp" -o "core\Print.cpp.o"  -Wall
'Finished building: C:\dev\Programs\sloeber\arduinoPlugin\packages\arduino\hardware\avr\1.6.13\cores\arduino\Print.cpp'
' '
'Building file: C:\dev\Programs\sloeber\arduinoPlugin\packages\arduino\hardware\avr\1.6.13\cores\arduino\Stream.cpp'
'Starting C++ compile'
"C:\dev\Programs\sloeber\arduinoPlugin\tools\arduino\avr-gcc\4.9.2-atmel3.5.3-arduino2/bin/avr-g++" -c -g -Os -std=gnu++11 -fpermissive -fno-exceptions -ffunction-sections -fdata-sections -fno-threadsafe-statics -MMD -flto -mmcu=atmega2560 -DF_CPU=16000000L -DARDUINO=10609 -DARDUINO_AVR_MEGA2560 -DARDUINO_ARCH_AVR   -I"C:\dev\Programs\sloeber\arduinoPlugin\packages\arduino\hardware\avr\1.6.13\cores\arduino" -I"C:\dev\Programs\sloeber\arduinoPlugin\packages\arduino\hardware\avr\1.6.13\variants\mega" -I"C:\dev\Programs\sloeber\arduinoPlugin\packages\arduino\hardware\avr\1.6.13\libraries\Wire" -I"C:\dev\Programs\sloeber\arduinoPlugin\packages\arduino\hardware\avr\1.6.13\libraries\Wire\src" -I"C:\dev\Programs\sloeber\arduinoPlugin\packages\arduino\hardware\avr\1.6.13\libraries\SoftwareSerial" -I"C:\dev\Programs\sloeber\arduinoPlugin\packages\arduino\hardware\avr\1.6.13\libraries\SoftwareSerial\src" -MMD -MP -MF"core\Stream.cpp.d" -MT"core\Stream.cpp.o" -D__IN_ECLIPSE__=1 -x c++ "C:\dev\Programs\sloeber\arduinoPlugin\packages\arduino\hardware\avr\1.6.13\cores\arduino\Stream.cpp" -o "core\Stream.cpp.o"  -Wall
'Finished building: C:\dev\Programs\sloeber\arduinoPlugin\packages\arduino\hardware\avr\1.6.13\cores\arduino\Stream.cpp'
' '
'Building file: C:\dev\Programs\sloeber\arduinoPlugin\packages\arduino\hardware\avr\1.6.13\cores\arduino\Tone.cpp'
'Starting C++ compile'
"C:\dev\Programs\sloeber\arduinoPlugin\tools\arduino\avr-gcc\4.9.2-atmel3.5.3-arduino2/bin/avr-g++" -c -g -Os -std=gnu++11 -fpermissive -fno-exceptions -ffunction-sections -fdata-sections -fno-threadsafe-statics -MMD -flto -mmcu=atmega2560 -DF_CPU=16000000L -DARDUINO=10609 -DARDUINO_AVR_MEGA2560 -DARDUINO_ARCH_AVR   -I"C:\dev\Programs\sloeber\arduinoPlugin\packages\arduino\hardware\avr\1.6.13\cores\arduino" -I"C:\dev\Programs\sloeber\arduinoPlugin\packages\arduino\hardware\avr\1.6.13\variants\mega" -I"C:\dev\Programs\sloeber\arduinoPlugin\packages\arduino\hardware\avr\1.6.13\libraries\Wire" -I"C:\dev\Programs\sloeber\arduinoPlugin\packages\arduino\hardware\avr\1.6.13\libraries\Wire\src" -I"C:\dev\Programs\sloeber\arduinoPlugin\packages\arduino\hardware\avr\1.6.13\libraries\SoftwareSerial" -I"C:\dev\Programs\sloeber\arduinoPlugin\packages\arduino\hardware\avr\1.6.13\libraries\SoftwareSerial\src" -MMD -MP -MF"core\Tone.cpp.d" -MT"core\Tone.cpp.o" -D__IN_ECLIPSE__=1 -x c++ "C:\dev\Programs\sloeber\arduinoPlugin\packages\arduino\hardware\avr\1.6.13\cores\arduino\Tone.cpp" -o "core\Tone.cpp.o"  -Wall
'Finished building: C:\dev\Programs\sloeber\arduinoPlugin\packages\arduino\hardware\avr\1.6.13\cores\arduino\Tone.cpp'
' '
'Building file: C:\dev\Programs\sloeber\arduinoPlugin\packages\arduino\hardware\avr\1.6.13\cores\arduino\USBCore.cpp'
'Starting C++ compile'
"C:\dev\Programs\sloeber\arduinoPlugin\tools\arduino\avr-gcc\4.9.2-atmel3.5.3-arduino2/bin/avr-g++" -c -g -Os -std=gnu++11 -fpermissive -fno-exceptions -ffunction-sections -fdata-sections -fno-threadsafe-statics -MMD -flto -mmcu=atmega2560 -DF_CPU=16000000L -DARDUINO=10609 -DARDUINO_AVR_MEGA2560 -DARDUINO_ARCH_AVR   -I"C:\dev\Programs\sloeber\arduinoPlugin\packages\arduino\hardware\avr\1.6.13\cores\arduino" -I"C:\dev\Programs\sloeber\arduinoPlugin\packages\arduino\hardware\avr\1.6.13\variants\mega" -I"C:\dev\Programs\sloeber\arduinoPlugin\packages\arduino\hardware\avr\1.6.13\libraries\Wire" -I"C:\dev\Programs\sloeber\arduinoPlugin\packages\arduino\hardware\avr\1.6.13\libraries\Wire\src" -I"C:\dev\Programs\sloeber\arduinoPlugin\packages\arduino\hardware\avr\1.6.13\libraries\SoftwareSerial" -I"C:\dev\Programs\sloeber\arduinoPlugin\packages\arduino\hardware\avr\1.6.13\libraries\SoftwareSerial\src" -MMD -MP -MF"core\USBCore.cpp.d" -MT"core\USBCore.cpp.o" -D__IN_ECLIPSE__=1 -x c++ "C:\dev\Programs\sloeber\arduinoPlugin\packages\arduino\hardware\avr\1.6.13\cores\arduino\USBCore.cpp" -o "core\USBCore.cpp.o"  -Wall
'Finished building: C:\dev\Programs\sloeber\arduinoPlugin\packages\arduino\hardware\avr\1.6.13\cores\arduino\USBCore.cpp'
' '
'Building file: C:\dev\Programs\sloeber\arduinoPlugin\packages\arduino\hardware\avr\1.6.13\cores\arduino\WInterrupts.c'
'Starting C compile'
"C:\dev\Programs\sloeber\arduinoPlugin\tools\arduino\avr-gcc\4.9.2-atmel3.5.3-arduino2/bin/avr-gcc" -c -g -Os -std=gnu11 -ffunction-sections -fdata-sections -MMD -flto -fno-fat-lto-objects -mmcu=atmega2560 -DF_CPU=16000000L -DARDUINO=10609 -DARDUINO_AVR_MEGA2560 -DARDUINO_ARCH_AVR   -I"C:\dev\Programs\sloeber\arduinoPlugin\packages\arduino\hardware\avr\1.6.13\cores\arduino" -I"C:\dev\Programs\sloeber\arduinoPlugin\packages\arduino\hardware\avr\1.6.13\variants\mega" -I"C:\dev\Programs\sloeber\arduinoPlugin\packages\arduino\hardware\avr\1.6.13\libraries\Wire" -I"C:\dev\Programs\sloeber\arduinoPlugin\packages\arduino\hardware\avr\1.6.13\libraries\Wire\src" -I"C:\dev\Programs\sloeber\arduinoPlugin\packages\arduino\hardware\avr\1.6.13\libraries\SoftwareSerial" -I"C:\dev\Programs\sloeber\arduinoPlugin\packages\arduino\hardware\avr\1.6.13\libraries\SoftwareSerial\src" -MMD -MP -MF"core\WInterrupts.c.d" -MT"core\WInterrupts.c.o" -D__IN_ECLIPSE__=1 "C:\dev\Programs\sloeber\arduinoPlugin\packages\arduino\hardware\avr\1.6.13\cores\arduino\WInterrupts.c" -o "core\WInterrupts.c.o"  -Wall
'Finished building: C:\dev\Programs\sloeber\arduinoPlugin\packages\arduino\hardware\avr\1.6.13\cores\arduino\WInterrupts.c'
' '
'Building file: C:\dev\Programs\sloeber\arduinoPlugin\packages\arduino\hardware\avr\1.6.13\cores\arduino\WMath.cpp'
'Starting C++ compile'
"C:\dev\Programs\sloeber\arduinoPlugin\tools\arduino\avr-gcc\4.9.2-atmel3.5.3-arduino2/bin/avr-g++" -c -g -Os -std=gnu++11 -fpermissive -fno-exceptions -ffunction-sections -fdata-sections -fno-threadsafe-statics -MMD -flto -mmcu=atmega2560 -DF_CPU=16000000L -DARDUINO=10609 -DARDUINO_AVR_MEGA2560 -DARDUINO_ARCH_AVR   -I"C:\dev\Programs\sloeber\arduinoPlugin\packages\arduino\hardware\avr\1.6.13\cores\arduino" -I"C:\dev\Programs\sloeber\arduinoPlugin\packages\arduino\hardware\avr\1.6.13\variants\mega" -I"C:\dev\Programs\sloeber\arduinoPlugin\packages\arduino\hardware\avr\1.6.13\libraries\Wire" -I"C:\dev\Programs\sloeber\arduinoPlugin\packages\arduino\hardware\avr\1.6.13\libraries\Wire\src" -I"C:\dev\Programs\sloeber\arduinoPlugin\packages\arduino\hardware\avr\1.6.13\libraries\SoftwareSerial" -I"C:\dev\Programs\sloeber\arduinoPlugin\packages\arduino\hardware\avr\1.6.13\libraries\SoftwareSerial\src" -MMD -MP -MF"core\WMath.cpp.d" -MT"core\WMath.cpp.o" -D__IN_ECLIPSE__=1 -x c++ "C:\dev\Programs\sloeber\arduinoPlugin\packages\arduino\hardware\avr\1.6.13\cores\arduino\WMath.cpp" -o "core\WMath.cpp.o"  -Wall
'Finished building: C:\dev\Programs\sloeber\arduinoPlugin\packages\arduino\hardware\avr\1.6.13\cores\arduino\WMath.cpp'
' '
'Building file: C:\dev\Programs\sloeber\arduinoPlugin\packages\arduino\hardware\avr\1.6.13\cores\arduino\WString.cpp'
'Starting C++ compile'
"C:\dev\Programs\sloeber\arduinoPlugin\tools\arduino\avr-gcc\4.9.2-atmel3.5.3-arduino2/bin/avr-g++" -c -g -Os -std=gnu++11 -fpermissive -fno-exceptions -ffunction-sections -fdata-sections -fno-threadsafe-statics -MMD -flto -mmcu=atmega2560 -DF_CPU=16000000L -DARDUINO=10609 -DARDUINO_AVR_MEGA2560 -DARDUINO_ARCH_AVR   -I"C:\dev\Programs\sloeber\arduinoPlugin\packages\arduino\hardware\avr\1.6.13\cores\arduino" -I"C:\dev\Programs\sloeber\arduinoPlugin\packages\arduino\hardware\avr\1.6.13\variants\mega" -I"C:\dev\Programs\sloeber\arduinoPlugin\packages\arduino\hardware\avr\1.6.13\libraries\Wire" -I"C:\dev\Programs\sloeber\arduinoPlugin\packages\arduino\hardware\avr\1.6.13\libraries\Wire\src" -I"C:\dev\Programs\sloeber\arduinoPlugin\packages\arduino\hardware\avr\1.6.13\libraries\SoftwareSerial" -I"C:\dev\Programs\sloeber\arduinoPlugin\packages\arduino\hardware\avr\1.6.13\libraries\SoftwareSerial\src" -MMD -MP -MF"core\WString.cpp.d" -MT"core\WString.cpp.o" -D__IN_ECLIPSE__=1 -x c++ "C:\dev\Programs\sloeber\arduinoPlugin\packages\arduino\hardware\avr\1.6.13\cores\arduino\WString.cpp" -o "core\WString.cpp.o"  -Wall
'Finished building: C:\dev\Programs\sloeber\arduinoPlugin\packages\arduino\hardware\avr\1.6.13\cores\arduino\WString.cpp'
' '
'Building file: C:\dev\Programs\sloeber\arduinoPlugin\packages\arduino\hardware\avr\1.6.13\cores\arduino\abi.cpp'
'Starting C++ compile'
"C:\dev\Programs\sloeber\arduinoPlugin\tools\arduino\avr-gcc\4.9.2-atmel3.5.3-arduino2/bin/avr-g++" -c -g -Os -std=gnu++11 -fpermissive -fno-exceptions -ffunction-sections -fdata-sections -fno-threadsafe-statics -MMD -flto -mmcu=atmega2560 -DF_CPU=16000000L -DARDUINO=10609 -DARDUINO_AVR_MEGA2560 -DARDUINO_ARCH_AVR   -I"C:\dev\Programs\sloeber\arduinoPlugin\packages\arduino\hardware\avr\1.6.13\cores\arduino" -I"C:\dev\Programs\sloeber\arduinoPlugin\packages\arduino\hardware\avr\1.6.13\variants\mega" -I"C:\dev\Programs\sloeber\arduinoPlugin\packages\arduino\hardware\avr\1.6.13\libraries\Wire" -I"C:\dev\Programs\sloeber\arduinoPlugin\packages\arduino\hardware\avr\1.6.13\libraries\Wire\src" -I"C:\dev\Programs\sloeber\arduinoPlugin\packages\arduino\hardware\avr\1.6.13\libraries\SoftwareSerial" -I"C:\dev\Programs\sloeber\arduinoPlugin\packages\arduino\hardware\avr\1.6.13\libraries\SoftwareSerial\src" -MMD -MP -MF"core\abi.cpp.d" -MT"core\abi.cpp.o" -D__IN_ECLIPSE__=1 -x c++ "C:\dev\Programs\sloeber\arduinoPlugin\packages\arduino\hardware\avr\1.6.13\cores\arduino\abi.cpp" -o "core\abi.cpp.o"  -Wall
'Finished building: C:\dev\Programs\sloeber\arduinoPlugin\packages\arduino\hardware\avr\1.6.13\cores\arduino\abi.cpp'
' '
'Building file: C:\dev\Programs\sloeber\arduinoPlugin\packages\arduino\hardware\avr\1.6.13\cores\arduino\hooks.c'
'Starting C compile'
"C:\dev\Programs\sloeber\arduinoPlugin\tools\arduino\avr-gcc\4.9.2-atmel3.5.3-arduino2/bin/avr-gcc" -c -g -Os -std=gnu11 -ffunction-sections -fdata-sections -MMD -flto -fno-fat-lto-objects -mmcu=atmega2560 -DF_CPU=16000000L -DARDUINO=10609 -DARDUINO_AVR_MEGA2560 -DARDUINO_ARCH_AVR   -I"C:\dev\Programs\sloeber\arduinoPlugin\packages\arduino\hardware\avr\1.6.13\cores\arduino" -I"C:\dev\Programs\sloeber\arduinoPlugin\packages\arduino\hardware\avr\1.6.13\variants\mega" -I"C:\dev\Programs\sloeber\arduinoPlugin\packages\arduino\hardware\avr\1.6.13\libraries\Wire" -I"C:\dev\Programs\sloeber\arduinoPlugin\packages\arduino\hardware\avr\1.6.13\libraries\Wire\src" -I"C:\dev\Programs\sloeber\arduinoPlugin\packages\arduino\hardware\avr\1.6.13\libraries\SoftwareSerial" -I"C:\dev\Programs\sloeber\arduinoPlugin\packages\arduino\hardware\avr\1.6.13\libraries\SoftwareSerial\src" -MMD -MP -MF"core\hooks.c.d" -MT"core\hooks.c.o" -D__IN_ECLIPSE__=1 "C:\dev\Programs\sloeber\arduinoPlugin\packages\arduino\hardware\avr\1.6.13\cores\arduino\hooks.c" -o "core\hooks.c.o"  -Wall
'Finished building: C:\dev\Programs\sloeber\arduinoPlugin\packages\arduino\hardware\avr\1.6.13\cores\arduino\hooks.c'
' '
'Building file: C:\dev\Programs\sloeber\arduinoPlugin\packages\arduino\hardware\avr\1.6.13\cores\arduino\main.cpp'
'Starting C++ compile'
"C:\dev\Programs\sloeber\arduinoPlugin\tools\arduino\avr-gcc\4.9.2-atmel3.5.3-arduino2/bin/avr-g++" -c -g -Os -std=gnu++11 -fpermissive -fno-exceptions -ffunction-sections -fdata-sections -fno-threadsafe-statics -MMD -flto -mmcu=atmega2560 -DF_CPU=16000000L -DARDUINO=10609 -DARDUINO_AVR_MEGA2560 -DARDUINO_ARCH_AVR   -I"C:\dev\Programs\sloeber\arduinoPlugin\packages\arduino\hardware\avr\1.6.13\cores\arduino" -I"C:\dev\Programs\sloeber\arduinoPlugin\packages\arduino\hardware\avr\1.6.13\variants\mega" -I"C:\dev\Programs\sloeber\arduinoPlugin\packages\arduino\hardware\avr\1.6.13\libraries\Wire" -I"C:\dev\Programs\sloeber\arduinoPlugin\packages\arduino\hardware\avr\1.6.13\libraries\Wire\src" -I"C:\dev\Programs\sloeber\arduinoPlugin\packages\arduino\hardware\avr\1.6.13\libraries\SoftwareSerial" -I"C:\dev\Programs\sloeber\arduinoPlugin\packages\arduino\hardware\avr\1.6.13\libraries\SoftwareSerial\src" -MMD -MP -MF"core\main.cpp.d" -MT"core\main.cpp.o" -D__IN_ECLIPSE__=1 -x c++ "C:\dev\Programs\sloeber\arduinoPlugin\packages\arduino\hardware\avr\1.6.13\cores\arduino\main.cpp" -o "core\main.cpp.o"  -Wall
'Finished building: C:\dev\Programs\sloeber\arduinoPlugin\packages\arduino\hardware\avr\1.6.13\cores\arduino\main.cpp'
' '
'Building file: C:\dev\Programs\sloeber\arduinoPlugin\packages\arduino\hardware\avr\1.6.13\cores\arduino\new.cpp'
'Starting C++ compile'
"C:\dev\Programs\sloeber\arduinoPlugin\tools\arduino\avr-gcc\4.9.2-atmel3.5.3-arduino2/bin/avr-g++" -c -g -Os -std=gnu++11 -fpermissive -fno-exceptions -ffunction-sections -fdata-sections -fno-threadsafe-statics -MMD -flto -mmcu=atmega2560 -DF_CPU=16000000L -DARDUINO=10609 -DARDUINO_AVR_MEGA2560 -DARDUINO_ARCH_AVR   -I"C:\dev\Programs\sloeber\arduinoPlugin\packages\arduino\hardware\avr\1.6.13\cores\arduino" -I"C:\dev\Programs\sloeber\arduinoPlugin\packages\arduino\hardware\avr\1.6.13\variants\mega" -I"C:\dev\Programs\sloeber\arduinoPlugin\packages\arduino\hardware\avr\1.6.13\libraries\Wire" -I"C:\dev\Programs\sloeber\arduinoPlugin\packages\arduino\hardware\avr\1.6.13\libraries\Wire\src" -I"C:\dev\Programs\sloeber\arduinoPlugin\packages\arduino\hardware\avr\1.6.13\libraries\SoftwareSerial" -I"C:\dev\Programs\sloeber\arduinoPlugin\packages\arduino\hardware\avr\1.6.13\libraries\SoftwareSerial\src" -MMD -MP -MF"core\new.cpp.d" -MT"core\new.cpp.o" -D__IN_ECLIPSE__=1 -x c++ "C:\dev\Programs\sloeber\arduinoPlugin\packages\arduino\hardware\avr\1.6.13\cores\arduino\new.cpp" -o "core\new.cpp.o"  -Wall
'Finished building: C:\dev\Programs\sloeber\arduinoPlugin\packages\arduino\hardware\avr\1.6.13\cores\arduino\new.cpp'
' '
'Building file: C:\dev\Programs\sloeber\arduinoPlugin\packages\arduino\hardware\avr\1.6.13\cores\arduino\wiring.c'
'Starting C compile'
"C:\dev\Programs\sloeber\arduinoPlugin\tools\arduino\avr-gcc\4.9.2-atmel3.5.3-arduino2/bin/avr-gcc" -c -g -Os -std=gnu11 -ffunction-sections -fdata-sections -MMD -flto -fno-fat-lto-objects -mmcu=atmega2560 -DF_CPU=16000000L -DARDUINO=10609 -DARDUINO_AVR_MEGA2560 -DARDUINO_ARCH_AVR   -I"C:\dev\Programs\sloeber\arduinoPlugin\packages\arduino\hardware\avr\1.6.13\cores\arduino" -I"C:\dev\Programs\sloeber\arduinoPlugin\packages\arduino\hardware\avr\1.6.13\variants\mega" -I"C:\dev\Programs\sloeber\arduinoPlugin\packages\arduino\hardware\avr\1.6.13\libraries\Wire" -I"C:\dev\Programs\sloeber\arduinoPlugin\packages\arduino\hardware\avr\1.6.13\libraries\Wire\src" -I"C:\dev\Programs\sloeber\arduinoPlugin\packages\arduino\hardware\avr\1.6.13\libraries\SoftwareSerial" -I"C:\dev\Programs\sloeber\arduinoPlugin\packages\arduino\hardware\avr\1.6.13\libraries\SoftwareSerial\src" -MMD -MP -MF"core\wiring.c.d" -MT"core\wiring.c.o" -D__IN_ECLIPSE__=1 "C:\dev\Programs\sloeber\arduinoPlugin\packages\arduino\hardware\avr\1.6.13\cores\arduino\wiring.c" -o "core\wiring.c.o"  -Wall
'Finished building: C:\dev\Programs\sloeber\arduinoPlugin\packages\arduino\hardware\avr\1.6.13\cores\arduino\wiring.c'
' '
'Building file: C:\dev\Programs\sloeber\arduinoPlugin\packages\arduino\hardware\avr\1.6.13\cores\arduino\wiring_analog.c'
'Starting C compile'
"C:\dev\Programs\sloeber\arduinoPlugin\tools\arduino\avr-gcc\4.9.2-atmel3.5.3-arduino2/bin/avr-gcc" -c -g -Os -std=gnu11 -ffunction-sections -fdata-sections -MMD -flto -fno-fat-lto-objects -mmcu=atmega2560 -DF_CPU=16000000L -DARDUINO=10609 -DARDUINO_AVR_MEGA2560 -DARDUINO_ARCH_AVR   -I"C:\dev\Programs\sloeber\arduinoPlugin\packages\arduino\hardware\avr\1.6.13\cores\arduino" -I"C:\dev\Programs\sloeber\arduinoPlugin\packages\arduino\hardware\avr\1.6.13\variants\mega" -I"C:\dev\Programs\sloeber\arduinoPlugin\packages\arduino\hardware\avr\1.6.13\libraries\Wire" -I"C:\dev\Programs\sloeber\arduinoPlugin\packages\arduino\hardware\avr\1.6.13\libraries\Wire\src" -I"C:\dev\Programs\sloeber\arduinoPlugin\packages\arduino\hardware\avr\1.6.13\libraries\SoftwareSerial" -I"C:\dev\Programs\sloeber\arduinoPlugin\packages\arduino\hardware\avr\1.6.13\libraries\SoftwareSerial\src" -MMD -MP -MF"core\wiring_analog.c.d" -MT"core\wiring_analog.c.o" -D__IN_ECLIPSE__=1 "C:\dev\Programs\sloeber\arduinoPlugin\packages\arduino\hardware\avr\1.6.13\cores\arduino\wiring_analog.c" -o "core\wiring_analog.c.o"  -Wall
'Finished building: C:\dev\Programs\sloeber\arduinoPlugin\packages\arduino\hardware\avr\1.6.13\cores\arduino\wiring_analog.c'
' '
'Building file: C:\dev\Programs\sloeber\arduinoPlugin\packages\arduino\hardware\avr\1.6.13\cores\arduino\wiring_digital.c'
'Starting C compile'
"C:\dev\Programs\sloeber\arduinoPlugin\tools\arduino\avr-gcc\4.9.2-atmel3.5.3-arduino2/bin/avr-gcc" -c -g -Os -std=gnu11 -ffunction-sections -fdata-sections -MMD -flto -fno-fat-lto-objects -mmcu=atmega2560 -DF_CPU=16000000L -DARDUINO=10609 -DARDUINO_AVR_MEGA2560 -DARDUINO_ARCH_AVR   -I"C:\dev\Programs\sloeber\arduinoPlugin\packages\arduino\hardware\avr\1.6.13\cores\arduino" -I"C:\dev\Programs\sloeber\arduinoPlugin\packages\arduino\hardware\avr\1.6.13\variants\mega" -I"C:\dev\Programs\sloeber\arduinoPlugin\packages\arduino\hardware\avr\1.6.13\libraries\Wire" -I"C:\dev\Programs\sloeber\arduinoPlugin\packages\arduino\hardware\avr\1.6.13\libraries\Wire\src" -I"C:\dev\Programs\sloeber\arduinoPlugin\packages\arduino\hardware\avr\1.6.13\libraries\SoftwareSerial" -I"C:\dev\Programs\sloeber\arduinoPlugin\packages\arduino\hardware\avr\1.6.13\libraries\SoftwareSerial\src" -MMD -MP -MF"core\wiring_digital.c.d" -MT"core\wiring_digital.c.o" -D__IN_ECLIPSE__=1 "C:\dev\Programs\sloeber\arduinoPlugin\packages\arduino\hardware\avr\1.6.13\cores\arduino\wiring_digital.c" -o "core\wiring_digital.c.o"  -Wall
'Finished building: C:\dev\Programs\sloeber\arduinoPlugin\packages\arduino\hardware\avr\1.6.13\cores\arduino\wiring_digital.c'
' '
'Building file: C:\dev\Programs\sloeber\arduinoPlugin\packages\arduino\hardware\avr\1.6.13\cores\arduino\wiring_pulse.S'
'Starting S compile'
"C:\dev\Programs\sloeber\arduinoPlugin\tools\arduino\avr-gcc\4.9.2-atmel3.5.3-arduino2/bin/avr-gcc" -c -g -x assembler-with-cpp -flto -mmcu=atmega2560 -DF_CPU=16000000L -DARDUINO=10609 -DARDUINO_AVR_MEGA2560 -DARDUINO_ARCH_AVR   -MMD -MP -MF"core\wiring_pulse.S.d" -MT"core\wiring_pulse.S.o" -D__IN_ECLIPSE__=1 "C:\dev\Programs\sloeber\arduinoPlugin\packages\arduino\hardware\avr\1.6.13\cores\arduino\wiring_pulse.S" -o "core\wiring_pulse.S.o"  -Wall
'Finished building: C:\dev\Programs\sloeber\arduinoPlugin\packages\arduino\hardware\avr\1.6.13\cores\arduino\wiring_pulse.S'
' '
'Building file: C:\dev\Programs\sloeber\arduinoPlugin\packages\arduino\hardware\avr\1.6.13\cores\arduino\wiring_pulse.c'
'Starting C compile'
"C:\dev\Programs\sloeber\arduinoPlugin\tools\arduino\avr-gcc\4.9.2-atmel3.5.3-arduino2/bin/avr-gcc" -c -g -Os -std=gnu11 -ffunction-sections -fdata-sections -MMD -flto -fno-fat-lto-objects -mmcu=atmega2560 -DF_CPU=16000000L -DARDUINO=10609 -DARDUINO_AVR_MEGA2560 -DARDUINO_ARCH_AVR   -I"C:\dev\Programs\sloeber\arduinoPlugin\packages\arduino\hardware\avr\1.6.13\cores\arduino" -I"C:\dev\Programs\sloeber\arduinoPlugin\packages\arduino\hardware\avr\1.6.13\variants\mega" -I"C:\dev\Programs\sloeber\arduinoPlugin\packages\arduino\hardware\avr\1.6.13\libraries\Wire" -I"C:\dev\Programs\sloeber\arduinoPlugin\packages\arduino\hardware\avr\1.6.13\libraries\Wire\src" -I"C:\dev\Programs\sloeber\arduinoPlugin\packages\arduino\hardware\avr\1.6.13\libraries\SoftwareSerial" -I"C:\dev\Programs\sloeber\arduinoPlugin\packages\arduino\hardware\avr\1.6.13\libraries\SoftwareSerial\src" -MMD -MP -MF"core\wiring_pulse.c.d" -MT"core\wiring_pulse.c.o" -D__IN_ECLIPSE__=1 "C:\dev\Programs\sloeber\arduinoPlugin\packages\arduino\hardware\avr\1.6.13\cores\arduino\wiring_pulse.c" -o "core\wiring_pulse.c.o"  -Wall
'Finished building: C:\dev\Programs\sloeber\arduinoPlugin\packages\arduino\hardware\avr\1.6.13\cores\arduino\wiring_pulse.c'
' '
'Building file: C:\dev\Programs\sloeber\arduinoPlugin\packages\arduino\hardware\avr\1.6.13\cores\arduino\wiring_shift.c'
'Starting C compile'
"C:\dev\Programs\sloeber\arduinoPlugin\tools\arduino\avr-gcc\4.9.2-atmel3.5.3-arduino2/bin/avr-gcc" -c -g -Os -std=gnu11 -ffunction-sections -fdata-sections -MMD -flto -fno-fat-lto-objects -mmcu=atmega2560 -DF_CPU=16000000L -DARDUINO=10609 -DARDUINO_AVR_MEGA2560 -DARDUINO_ARCH_AVR   -I"C:\dev\Programs\sloeber\arduinoPlugin\packages\arduino\hardware\avr\1.6.13\cores\arduino" -I"C:\dev\Programs\sloeber\arduinoPlugin\packages\arduino\hardware\avr\1.6.13\variants\mega" -I"C:\dev\Programs\sloeber\arduinoPlugin\packages\arduino\hardware\avr\1.6.13\libraries\Wire" -I"C:\dev\Programs\sloeber\arduinoPlugin\packages\arduino\hardware\avr\1.6.13\libraries\Wire\src" -I"C:\dev\Programs\sloeber\arduinoPlugin\packages\arduino\hardware\avr\1.6.13\libraries\SoftwareSerial" -I"C:\dev\Programs\sloeber\arduinoPlugin\packages\arduino\hardware\avr\1.6.13\libraries\SoftwareSerial\src" -MMD -MP -MF"core\wiring_shift.c.d" -MT"core\wiring_shift.c.o" -D__IN_ECLIPSE__=1 "C:\dev\Programs\sloeber\arduinoPlugin\packages\arduino\hardware\avr\1.6.13\cores\arduino\wiring_shift.c" -o "core\wiring_shift.c.o"  -Wall
'Finished building: C:\dev\Programs\sloeber\arduinoPlugin\packages\arduino\hardware\avr\1.6.13\cores\arduino\wiring_shift.c'
' '
'Starting archiver'
"C:\dev\Programs\sloeber\arduinoPlugin\tools\arduino\avr-gcc\4.9.2-atmel3.5.3-arduino2/bin/avr-gcc-ar" rcs "C:/dev/Projects/Control Panel/Arduino Panel/V5/Control_Panel/Release/arduino.ar"  arduino.ar  .\core\CDC.cpp.o .\core\HardwareSerial.cpp.o .\core\HardwareSerial0.cpp.o .\core\HardwareSerial1.cpp.o .\core\HardwareSerial2.cpp.o .\core\HardwareSerial3.cpp.o .\core\IPAddress.cpp.o .\core\PluggableUSB.cpp.o .\core\Print.cpp.o .\core\Stream.cpp.o .\core\Tone.cpp.o .\core\USBCore.cpp.o .\core\WInterrupts.c.o .\core\WMath.cpp.o .\core\WString.cpp.o .\core\abi.cpp.o .\core\hooks.c.o .\core\main.cpp.o .\core\new.cpp.o .\core\wiring.c.o .\core\wiring_analog.c.o .\core\wiring_digital.c.o .\core\wiring_pulse.S.o .\core\wiring_pulse.c.o .\core\wiring_shift.c.o 
'Finished building: arduino.ar'
' '
'Starting combiner'
"C:\dev\Programs\sloeber\arduinoPlugin\tools\arduino\avr-gcc\4.9.2-atmel3.5.3-arduino2/bin/avr-gcc" -Os -Wl,--gc-sections,--relax -mmcu=atmega2560 -o "C:/dev/Projects/Control Panel/Arduino Panel/V5/Control_Panel/Release/Control_Panel.elf"   .\.ino.cpp.o  .\libraries\Wire\src\utility\twi.c.o  .\libraries\Wire\src\Wire.cpp.o  .\libraries\SoftwareSerial\src\SoftwareSerial.cpp.o   arduino.ar   "-LC:/dev/Projects/Control Panel/Arduino Panel/V5/Control_Panel/Release" -lm
'Finished building: Control_Panel.elf'
' '
'Create eeprom image'
"C:\dev\Programs\sloeber\arduinoPlugin\tools\arduino\avr-gcc\4.9.2-atmel3.5.3-arduino2/bin/avr-objcopy" -O ihex -R .eeprom  "C:\dev\Projects\Control Panel\Arduino Panel\V5\Control_Panel/Release/Control_Panel.elf" "C:\dev\Projects\Control Panel\Arduino Panel\V5\Control_Panel/Release/Control_Panel.hex"
"C:\dev\Programs\sloeber\arduinoPlugin\tools\arduino\avr-gcc\4.9.2-atmel3.5.3-arduino2/bin/avr-objcopy" -O ihex -j .eeprom --set-section-flags=.eeprom=alloc,load --no-change-warnings --change-section-lma .eeprom=0  "C:\dev\Projects\Control Panel\Arduino Panel\V5\Control_Panel/Release/Control_Panel.elf" "C:\dev\Projects\Control Panel\Arduino Panel\V5\Control_Panel/Release/Control_Panel.eep"
'Finished building: Control_Panel.hex'
' '
'Building target: Control_Panel'
'Printing size:'
"C:\dev\Programs\sloeber\arduinoPlugin\tools\arduino\avr-gcc\4.9.2-atmel3.5.3-arduino2/bin/avr-size" -A "C:/dev/Projects/Control Panel/Arduino Panel/V5/Control_Panel/Release/Control_Panel.elf"
C:/dev/Projects/Control Panel/Arduino Panel/V5/Control_Panel/Release/Control_Panel.elf  :
section                     size      addr
.data                       2260   8389120
.text                      11306         0
.bss                         496   8391380
.comment                      17         0
.note.gnu.avr.deviceinfo      64         0
.debug_info                 3004         0
.debug_abbrev               2842         0
.debug_line                   26         0
.debug_str                   998         0
Total                      21013


'Finished building target: Control_Panel'
' '

02:29:09 Build Finished (took 10s.114ms)

