04:09:18 **** Incremental Build of configuration Release for project ControlPanelMain ****
"C:\\MiscPrograms\\sloeber\\arduinoPlugin\\tools\\make\\make" all 
'Building file: ../.ino.cpp'
'Starting C++ compile'
"C:\MiscPrograms\sloeber\arduinoPlugin\tools\arduino\avr-gcc\4.9.2-atmel3.5.3-arduino2/bin/avr-g++" -c -g -Os -std=gnu++11 -fpermissive -fno-exceptions -ffunction-sections -fdata-sections -fno-threadsafe-statics -MMD -flto -mmcu=atmega2560 -DF_CPU=16000000L -DARDUINO=10609 -DARDUINO_AVR_MEGA2560 -DARDUINO_ARCH_AVR   -I"C:\MiscPrograms\sloeber\arduinoPlugin\packages\arduino\hardware\avr\1.6.14\cores\arduino" -I"C:\MiscPrograms\sloeber\arduinoPlugin\packages\arduino\hardware\avr\1.6.14\variants\mega" -I"C:\MiscPrograms\sloeber\arduinoPlugin\packages\arduino\hardware\avr\1.6.14\libraries\Wire" -I"C:\MiscPrograms\sloeber\arduinoPlugin\packages\arduino\hardware\avr\1.6.14\libraries\Wire\src" -I"C:\MiscPrograms\sloeber\arduinoPlugin\packages\arduino\hardware\avr\1.6.14\libraries\SoftwareSerial" -I"C:\MiscPrograms\sloeber\arduinoPlugin\packages\arduino\hardware\avr\1.6.14\libraries\SoftwareSerial\src" -MMD -MP -MF".ino.cpp.d" -MT".ino.cpp.o" -D__IN_ECLIPSE__=1 -x c++ "../.ino.cpp" -o ".ino.cpp.o"  -Wall
In file included from ../.ino.cpp:118:0:
../Engine-Serial.ino: In function 'void stopTestSerial(int)':
../Engine-Serial.ino:142:3: warning: deprecated conversion from string constant to 'char*' [-Wwrite-strings]
   };
   ^
../Engine-Serial.ino:142:3: warning: deprecated conversion from string constant to 'char*' [-Wwrite-strings]
../Engine-Serial.ino:142:3: warning: deprecated conversion from string constant to 'char*' [-Wwrite-strings]
../Engine-Serial.ino:142:3: warning: deprecated conversion from string constant to 'char*' [-Wwrite-strings]
../Engine-Serial.ino:142:3: warning: deprecated conversion from string constant to 'char*' [-Wwrite-strings]
../Engine-Serial.ino:142:3: warning: deprecated conversion from string constant to 'char*' [-Wwrite-strings]
../Engine-Serial.ino:142:3: warning: deprecated conversion from string constant to 'char*' [-Wwrite-strings]
../Engine-Serial.ino: In function 'void longStartupSerial(int)':
../Engine-Serial.ino:210:3: warning: deprecated conversion from string constant to 'char*' [-Wwrite-strings]
   };
   ^
../Engine-Serial.ino:210:3: warning: deprecated conversion from string constant to 'char*' [-Wwrite-strings]
../Engine-Serial.ino:210:3: warning: deprecated conversion from string constant to 'char*' [-Wwrite-strings]
../Engine-Serial.ino:210:3: warning: deprecated conversion from string constant to 'char*' [-Wwrite-strings]
../Engine-Serial.ino:210:3: warning: deprecated conversion from string constant to 'char*' [-Wwrite-strings]
../Engine-Serial.ino: In function 'void esrStartupSerial(int)':
../Engine-Serial.ino:254:3: warning: deprecated conversion from string constant to 'char*' [-Wwrite-strings]
   };
   ^
../Engine-Serial.ino:254:3: warning: deprecated conversion from string constant to 'char*' [-Wwrite-strings]
../Engine-Serial.ino:254:3: warning: deprecated conversion from string constant to 'char*' [-Wwrite-strings]
../Engine-Serial.ino: In function 'void functionsChooseSerial(int)':
../Engine-Serial.ino:288:42: warning: deprecated conversion from string constant to 'char*' [-Wwrite-strings]
           "EXTRA FUNCTIONS BOOTED TXT!!" };
                                          ^
../Engine-Serial.ino:288:42: warning: deprecated conversion from string constant to 'char*' [-Wwrite-strings]
../Engine-Serial.ino:288:42: warning: deprecated conversion from string constant to 'char*' [-Wwrite-strings]
../Engine-Serial.ino:288:42: warning: deprecated conversion from string constant to 'char*' [-Wwrite-strings]
../Engine-Serial.ino: In function 'void functionSerial(int)':
../Engine-Serial.ino:318:80: warning: deprecated conversion from string constant to 'char*' [-Wwrite-strings]
           "PAGE 3 (BYPASS MODE): TROUBLESHOOTING & DEBUG MENU; ADVANCED ONLY!" };
                                                                                ^
../Engine-Serial.ino:318:80: warning: deprecated conversion from string constant to 'char*' [-Wwrite-strings]
../Engine-Serial.ino:318:80: warning: deprecated conversion from string constant to 'char*' [-Wwrite-strings]
../Engine-Serial.ino:318:80: warning: deprecated conversion from string constant to 'char*' [-Wwrite-strings]
../Engine-Serial.ino:318:80: warning: deprecated conversion from string constant to 'char*' [-Wwrite-strings]
../Engine-Serial.ino: In function 'void functionPage1Serial(int)':
../Engine-Serial.ino:344:63: warning: deprecated conversion from string constant to 'char*' [-Wwrite-strings]
       "SUPERVISOR MODE ENABLED!", "SUPERVISOR MODE DISABLED!" };
                                                               ^
../Engine-Serial.ino:344:63: warning: deprecated conversion from string constant to 'char*' [-Wwrite-strings]
../Engine-Serial.ino:344:63: warning: deprecated conversion from string constant to 'char*' [-Wwrite-strings]
../Engine-Serial.ino:344:63: warning: deprecated conversion from string constant to 'char*' [-Wwrite-strings]
../Engine-Serial.ino:344:63: warning: deprecated conversion from string constant to 'char*' [-Wwrite-strings]
../Engine-Serial.ino:344:63: warning: deprecated conversion from string constant to 'char*' [-Wwrite-strings]
../Engine-Serial.ino:344:63: warning: deprecated conversion from string constant to 'char*' [-Wwrite-strings]
../Engine-Serial.ino:344:63: warning: deprecated conversion from string constant to 'char*' [-Wwrite-strings]
../Engine-Serial.ino:344:63: warning: deprecated conversion from string constant to 'char*' [-Wwrite-strings]
../Engine-Serial.ino:344:63: warning: deprecated conversion from string constant to 'char*' [-Wwrite-strings]
../Engine-Serial.ino:344:63: warning: deprecated conversion from string constant to 'char*' [-Wwrite-strings]
../Engine-Serial.ino:344:63: warning: deprecated conversion from string constant to 'char*' [-Wwrite-strings]
'Finished building: ../.ino.cpp'
' '
'Starting combiner'
"C:\MiscPrograms\sloeber\arduinoPlugin\tools\arduino\avr-gcc\4.9.2-atmel3.5.3-arduino2/bin/avr-gcc" -Os -Wl,--gc-sections,--relax -mmcu=atmega2560 -o "C:/dev/ControlPanel/Arduino/Control-Panel-V5/ControlPanelMain/Release/ControlPanelMain.elf"   .\.ino.cpp.o  .\libraries\Wire\src\utility\twi.c.o  .\libraries\Wire\src\Wire.cpp.o  .\libraries\SoftwareSerial\src\SoftwareSerial.cpp.o   arduino.ar   "-LC:/dev/ControlPanel/Arduino/Control-Panel-V5/ControlPanelMain/Release" -lm
'Finished building: ControlPanelMain.elf'
' '
'Create eeprom image'
"C:\MiscPrograms\sloeber\arduinoPlugin\tools\arduino\avr-gcc\4.9.2-atmel3.5.3-arduino2/bin/avr-objcopy" -O ihex -R .eeprom  "C:\dev\ControlPanel\Arduino\Control-Panel-V5\ControlPanelMain/Release/ControlPanelMain.elf" "C:\dev\ControlPanel\Arduino\Control-Panel-V5\ControlPanelMain/Release/ControlPanelMain.hex"
"C:\MiscPrograms\sloeber\arduinoPlugin\tools\arduino\avr-gcc\4.9.2-atmel3.5.3-arduino2/bin/avr-objcopy" -O ihex -j .eeprom --set-section-flags=.eeprom=alloc,load --no-change-warnings --change-section-lma .eeprom=0  "C:\dev\ControlPanel\Arduino\Control-Panel-V5\ControlPanelMain/Release/ControlPanelMain.elf" "C:\dev\ControlPanel\Arduino\Control-Panel-V5\ControlPanelMain/Release/ControlPanelMain.eep"
'Finished building: ControlPanelMain.hex'
' '
'Building target: ControlPanelMain'
'Printing size:'
"C:\MiscPrograms\sloeber\arduinoPlugin\tools\arduino\avr-gcc\4.9.2-atmel3.5.3-arduino2/bin/avr-size" -A "C:/dev/ControlPanel/Arduino/Control-Panel-V5/ControlPanelMain/Release/ControlPanelMain.elf"
C:/dev/ControlPanel/Arduino/Control-Panel-V5/ControlPanelMain/Release/ControlPanelMain.elf  :
section                     size      addr
.data                       2844   8389120
.text                      14396         0
.bss                         579   8391964
.comment                      17         0
.note.gnu.avr.deviceinfo      64         0
.debug_info                 3004         0
.debug_abbrev               2842         0
.debug_line                   26         0
.debug_str                   998         0
Total                      24770


'Finished building target: ControlPanelMain'
' '

04:09:21 Build Finished (took 2s.892ms)

