01:07:36 **** Build of configuration Release for project Control_Panel_Cpp ****
"C:\\Users\\Matt\\Programs\\sloeber\\arduinoPlugin\\tools\\make\\make" all 
'Building file: ../Control_Panel_Cpp.cpp'
'Starting C++ compile'
"C:\Users\Matt\Programs\sloeber\arduinoPlugin\tools\arduino\avr-gcc\4.9.2-atmel3.5.3-arduino2/bin/avr-g++" -c -g -Os -std=gnu++11 -fpermissive -fno-exceptions -ffunction-sections -fdata-sections -fno-threadsafe-statics -MMD -flto -mmcu=atmega2560 -DF_CPU=16000000L -DARDUINO=10609 -DARDUINO_AVR_MEGA2560 -DARDUINO_ARCH_AVR   -I"C:\Users\Matt\Programs\sloeber\arduinoPlugin\packages\arduino\hardware\avr\1.6.14\cores\arduino" -I"C:\Users\Matt\Programs\sloeber\arduinoPlugin\packages\arduino\hardware\avr\1.6.14\variants\mega" -MMD -MP -MF"Control_Panel_Cpp.cpp.d" -MT"Control_Panel_Cpp.cpp.o" -D__IN_ECLIPSE__=1 -x c++ "../Control_Panel_Cpp.cpp" -o "Control_Panel_Cpp.cpp.o"  -Wall
'Finished building: ../Control_Panel_Cpp.cpp'
' '
'Building file: ../Engine.cpp'
'Starting C++ compile'
"C:\Users\Matt\Programs\sloeber\arduinoPlugin\tools\arduino\avr-gcc\4.9.2-atmel3.5.3-arduino2/bin/avr-g++" -c -g -Os -std=gnu++11 -fpermissive -fno-exceptions -ffunction-sections -fdata-sections -fno-threadsafe-statics -MMD -flto -mmcu=atmega2560 -DF_CPU=16000000L -DARDUINO=10609 -DARDUINO_AVR_MEGA2560 -DARDUINO_ARCH_AVR   -I"C:\Users\Matt\Programs\sloeber\arduinoPlugin\packages\arduino\hardware\avr\1.6.14\cores\arduino" -I"C:\Users\Matt\Programs\sloeber\arduinoPlugin\packages\arduino\hardware\avr\1.6.14\variants\mega" -MMD -MP -MF"Engine.cpp.d" -MT"Engine.cpp.o" -D__IN_ECLIPSE__=1 -x c++ "../Engine.cpp" -o "Engine.cpp.o"  -Wall
'Finished building: ../Engine.cpp'
' '
'Building file: C:\Users\Matt\Programs\sloeber\arduinoPlugin\packages\arduino\hardware\avr\1.6.14\cores\arduino\CDC.cpp'
'Starting C++ compile'
"C:\Users\Matt\Programs\sloeber\arduinoPlugin\tools\arduino\avr-gcc\4.9.2-atmel3.5.3-arduino2/bin/avr-g++" -c -g -Os -std=gnu++11 -fpermissive -fno-exceptions -ffunction-sections -fdata-sections -fno-threadsafe-statics -MMD -flto -mmcu=atmega2560 -DF_CPU=16000000L -DARDUINO=10609 -DARDUINO_AVR_MEGA2560 -DARDUINO_ARCH_AVR   -I"C:\Users\Matt\Programs\sloeber\arduinoPlugin\packages\arduino\hardware\avr\1.6.14\cores\arduino" -I"C:\Users\Matt\Programs\sloeber\arduinoPlugin\packages\arduino\hardware\avr\1.6.14\variants\mega" -MMD -MP -MF"core\CDC.cpp.d" -MT"core\CDC.cpp.o" -D__IN_ECLIPSE__=1 -x c++ "C:\Users\Matt\Programs\sloeber\arduinoPlugin\packages\arduino\hardware\avr\1.6.14\cores\arduino\CDC.cpp" -o "core\CDC.cpp.o"  -Wall
'Finished building: C:\Users\Matt\Programs\sloeber\arduinoPlugin\packages\arduino\hardware\avr\1.6.14\cores\arduino\CDC.cpp'
' '
'Building file: C:\Users\Matt\Programs\sloeber\arduinoPlugin\packages\arduino\hardware\avr\1.6.14\cores\arduino\HardwareSerial.cpp'
'Starting C++ compile'
"C:\Users\Matt\Programs\sloeber\arduinoPlugin\tools\arduino\avr-gcc\4.9.2-atmel3.5.3-arduino2/bin/avr-g++" -c -g -Os -std=gnu++11 -fpermissive -fno-exceptions -ffunction-sections -fdata-sections -fno-threadsafe-statics -MMD -flto -mmcu=atmega2560 -DF_CPU=16000000L -DARDUINO=10609 -DARDUINO_AVR_MEGA2560 -DARDUINO_ARCH_AVR   -I"C:\Users\Matt\Programs\sloeber\arduinoPlugin\packages\arduino\hardware\avr\1.6.14\cores\arduino" -I"C:\Users\Matt\Programs\sloeber\arduinoPlugin\packages\arduino\hardware\avr\1.6.14\variants\mega" -MMD -MP -MF"core\HardwareSerial.cpp.d" -MT"core\HardwareSerial.cpp.o" -D__IN_ECLIPSE__=1 -x c++ "C:\Users\Matt\Programs\sloeber\arduinoPlugin\packages\arduino\hardware\avr\1.6.14\cores\arduino\HardwareSerial.cpp" -o "core\HardwareSerial.cpp.o"  -Wall
'Finished building: C:\Users\Matt\Programs\sloeber\arduinoPlugin\packages\arduino\hardware\avr\1.6.14\cores\arduino\HardwareSerial.cpp'
' '
'Building file: C:\Users\Matt\Programs\sloeber\arduinoPlugin\packages\arduino\hardware\avr\1.6.14\cores\arduino\HardwareSerial0.cpp'
'Starting C++ compile'
"C:\Users\Matt\Programs\sloeber\arduinoPlugin\tools\arduino\avr-gcc\4.9.2-atmel3.5.3-arduino2/bin/avr-g++" -c -g -Os -std=gnu++11 -fpermissive -fno-exceptions -ffunction-sections -fdata-sections -fno-threadsafe-statics -MMD -flto -mmcu=atmega2560 -DF_CPU=16000000L -DARDUINO=10609 -DARDUINO_AVR_MEGA2560 -DARDUINO_ARCH_AVR   -I"C:\Users\Matt\Programs\sloeber\arduinoPlugin\packages\arduino\hardware\avr\1.6.14\cores\arduino" -I"C:\Users\Matt\Programs\sloeber\arduinoPlugin\packages\arduino\hardware\avr\1.6.14\variants\mega" -MMD -MP -MF"core\HardwareSerial0.cpp.d" -MT"core\HardwareSerial0.cpp.o" -D__IN_ECLIPSE__=1 -x c++ "C:\Users\Matt\Programs\sloeber\arduinoPlugin\packages\arduino\hardware\avr\1.6.14\cores\arduino\HardwareSerial0.cpp" -o "core\HardwareSerial0.cpp.o"  -Wall
'Finished building: C:\Users\Matt\Programs\sloeber\arduinoPlugin\packages\arduino\hardware\avr\1.6.14\cores\arduino\HardwareSerial0.cpp'
' '
'Building file: C:\Users\Matt\Programs\sloeber\arduinoPlugin\packages\arduino\hardware\avr\1.6.14\cores\arduino\HardwareSerial1.cpp'
'Starting C++ compile'
"C:\Users\Matt\Programs\sloeber\arduinoPlugin\tools\arduino\avr-gcc\4.9.2-atmel3.5.3-arduino2/bin/avr-g++" -c -g -Os -std=gnu++11 -fpermissive -fno-exceptions -ffunction-sections -fdata-sections -fno-threadsafe-statics -MMD -flto -mmcu=atmega2560 -DF_CPU=16000000L -DARDUINO=10609 -DARDUINO_AVR_MEGA2560 -DARDUINO_ARCH_AVR   -I"C:\Users\Matt\Programs\sloeber\arduinoPlugin\packages\arduino\hardware\avr\1.6.14\cores\arduino" -I"C:\Users\Matt\Programs\sloeber\arduinoPlugin\packages\arduino\hardware\avr\1.6.14\variants\mega" -MMD -MP -MF"core\HardwareSerial1.cpp.d" -MT"core\HardwareSerial1.cpp.o" -D__IN_ECLIPSE__=1 -x c++ "C:\Users\Matt\Programs\sloeber\arduinoPlugin\packages\arduino\hardware\avr\1.6.14\cores\arduino\HardwareSerial1.cpp" -o "core\HardwareSerial1.cpp.o"  -Wall
'Finished building: C:\Users\Matt\Programs\sloeber\arduinoPlugin\packages\arduino\hardware\avr\1.6.14\cores\arduino\HardwareSerial1.cpp'
' '
'Building file: C:\Users\Matt\Programs\sloeber\arduinoPlugin\packages\arduino\hardware\avr\1.6.14\cores\arduino\HardwareSerial2.cpp'
'Starting C++ compile'
"C:\Users\Matt\Programs\sloeber\arduinoPlugin\tools\arduino\avr-gcc\4.9.2-atmel3.5.3-arduino2/bin/avr-g++" -c -g -Os -std=gnu++11 -fpermissive -fno-exceptions -ffunction-sections -fdata-sections -fno-threadsafe-statics -MMD -flto -mmcu=atmega2560 -DF_CPU=16000000L -DARDUINO=10609 -DARDUINO_AVR_MEGA2560 -DARDUINO_ARCH_AVR   -I"C:\Users\Matt\Programs\sloeber\arduinoPlugin\packages\arduino\hardware\avr\1.6.14\cores\arduino" -I"C:\Users\Matt\Programs\sloeber\arduinoPlugin\packages\arduino\hardware\avr\1.6.14\variants\mega" -MMD -MP -MF"core\HardwareSerial2.cpp.d" -MT"core\HardwareSerial2.cpp.o" -D__IN_ECLIPSE__=1 -x c++ "C:\Users\Matt\Programs\sloeber\arduinoPlugin\packages\arduino\hardware\avr\1.6.14\cores\arduino\HardwareSerial2.cpp" -o "core\HardwareSerial2.cpp.o"  -Wall
'Finished building: C:\Users\Matt\Programs\sloeber\arduinoPlugin\packages\arduino\hardware\avr\1.6.14\cores\arduino\HardwareSerial2.cpp'
' '
'Building file: C:\Users\Matt\Programs\sloeber\arduinoPlugin\packages\arduino\hardware\avr\1.6.14\cores\arduino\HardwareSerial3.cpp'
'Starting C++ compile'
"C:\Users\Matt\Programs\sloeber\arduinoPlugin\tools\arduino\avr-gcc\4.9.2-atmel3.5.3-arduino2/bin/avr-g++" -c -g -Os -std=gnu++11 -fpermissive -fno-exceptions -ffunction-sections -fdata-sections -fno-threadsafe-statics -MMD -flto -mmcu=atmega2560 -DF_CPU=16000000L -DARDUINO=10609 -DARDUINO_AVR_MEGA2560 -DARDUINO_ARCH_AVR   -I"C:\Users\Matt\Programs\sloeber\arduinoPlugin\packages\arduino\hardware\avr\1.6.14\cores\arduino" -I"C:\Users\Matt\Programs\sloeber\arduinoPlugin\packages\arduino\hardware\avr\1.6.14\variants\mega" -MMD -MP -MF"core\HardwareSerial3.cpp.d" -MT"core\HardwareSerial3.cpp.o" -D__IN_ECLIPSE__=1 -x c++ "C:\Users\Matt\Programs\sloeber\arduinoPlugin\packages\arduino\hardware\avr\1.6.14\cores\arduino\HardwareSerial3.cpp" -o "core\HardwareSerial3.cpp.o"  -Wall
'Finished building: C:\Users\Matt\Programs\sloeber\arduinoPlugin\packages\arduino\hardware\avr\1.6.14\cores\arduino\HardwareSerial3.cpp'
' '
'Building file: C:\Users\Matt\Programs\sloeber\arduinoPlugin\packages\arduino\hardware\avr\1.6.14\cores\arduino\IPAddress.cpp'
'Starting C++ compile'
"C:\Users\Matt\Programs\sloeber\arduinoPlugin\tools\arduino\avr-gcc\4.9.2-atmel3.5.3-arduino2/bin/avr-g++" -c -g -Os -std=gnu++11 -fpermissive -fno-exceptions -ffunction-sections -fdata-sections -fno-threadsafe-statics -MMD -flto -mmcu=atmega2560 -DF_CPU=16000000L -DARDUINO=10609 -DARDUINO_AVR_MEGA2560 -DARDUINO_ARCH_AVR   -I"C:\Users\Matt\Programs\sloeber\arduinoPlugin\packages\arduino\hardware\avr\1.6.14\cores\arduino" -I"C:\Users\Matt\Programs\sloeber\arduinoPlugin\packages\arduino\hardware\avr\1.6.14\variants\mega" -MMD -MP -MF"core\IPAddress.cpp.d" -MT"core\IPAddress.cpp.o" -D__IN_ECLIPSE__=1 -x c++ "C:\Users\Matt\Programs\sloeber\arduinoPlugin\packages\arduino\hardware\avr\1.6.14\cores\arduino\IPAddress.cpp" -o "core\IPAddress.cpp.o"  -Wall
'Finished building: C:\Users\Matt\Programs\sloeber\arduinoPlugin\packages\arduino\hardware\avr\1.6.14\cores\arduino\IPAddress.cpp'
' '
'Building file: C:\Users\Matt\Programs\sloeber\arduinoPlugin\packages\arduino\hardware\avr\1.6.14\cores\arduino\PluggableUSB.cpp'
'Starting C++ compile'
"C:\Users\Matt\Programs\sloeber\arduinoPlugin\tools\arduino\avr-gcc\4.9.2-atmel3.5.3-arduino2/bin/avr-g++" -c -g -Os -std=gnu++11 -fpermissive -fno-exceptions -ffunction-sections -fdata-sections -fno-threadsafe-statics -MMD -flto -mmcu=atmega2560 -DF_CPU=16000000L -DARDUINO=10609 -DARDUINO_AVR_MEGA2560 -DARDUINO_ARCH_AVR   -I"C:\Users\Matt\Programs\sloeber\arduinoPlugin\packages\arduino\hardware\avr\1.6.14\cores\arduino" -I"C:\Users\Matt\Programs\sloeber\arduinoPlugin\packages\arduino\hardware\avr\1.6.14\variants\mega" -MMD -MP -MF"core\PluggableUSB.cpp.d" -MT"core\PluggableUSB.cpp.o" -D__IN_ECLIPSE__=1 -x c++ "C:\Users\Matt\Programs\sloeber\arduinoPlugin\packages\arduino\hardware\avr\1.6.14\cores\arduino\PluggableUSB.cpp" -o "core\PluggableUSB.cpp.o"  -Wall
'Finished building: C:\Users\Matt\Programs\sloeber\arduinoPlugin\packages\arduino\hardware\avr\1.6.14\cores\arduino\PluggableUSB.cpp'
' '
'Building file: C:\Users\Matt\Programs\sloeber\arduinoPlugin\packages\arduino\hardware\avr\1.6.14\cores\arduino\Print.cpp'
'Starting C++ compile'
"C:\Users\Matt\Programs\sloeber\arduinoPlugin\tools\arduino\avr-gcc\4.9.2-atmel3.5.3-arduino2/bin/avr-g++" -c -g -Os -std=gnu++11 -fpermissive -fno-exceptions -ffunction-sections -fdata-sections -fno-threadsafe-statics -MMD -flto -mmcu=atmega2560 -DF_CPU=16000000L -DARDUINO=10609 -DARDUINO_AVR_MEGA2560 -DARDUINO_ARCH_AVR   -I"C:\Users\Matt\Programs\sloeber\arduinoPlugin\packages\arduino\hardware\avr\1.6.14\cores\arduino" -I"C:\Users\Matt\Programs\sloeber\arduinoPlugin\packages\arduino\hardware\avr\1.6.14\variants\mega" -MMD -MP -MF"core\Print.cpp.d" -MT"core\Print.cpp.o" -D__IN_ECLIPSE__=1 -x c++ "C:\Users\Matt\Programs\sloeber\arduinoPlugin\packages\arduino\hardware\avr\1.6.14\cores\arduino\Print.cpp" -o "core\Print.cpp.o"  -Wall
'Finished building: C:\Users\Matt\Programs\sloeber\arduinoPlugin\packages\arduino\hardware\avr\1.6.14\cores\arduino\Print.cpp'
' '
'Building file: C:\Users\Matt\Programs\sloeber\arduinoPlugin\packages\arduino\hardware\avr\1.6.14\cores\arduino\Stream.cpp'
'Starting C++ compile'
"C:\Users\Matt\Programs\sloeber\arduinoPlugin\tools\arduino\avr-gcc\4.9.2-atmel3.5.3-arduino2/bin/avr-g++" -c -g -Os -std=gnu++11 -fpermissive -fno-exceptions -ffunction-sections -fdata-sections -fno-threadsafe-statics -MMD -flto -mmcu=atmega2560 -DF_CPU=16000000L -DARDUINO=10609 -DARDUINO_AVR_MEGA2560 -DARDUINO_ARCH_AVR   -I"C:\Users\Matt\Programs\sloeber\arduinoPlugin\packages\arduino\hardware\avr\1.6.14\cores\arduino" -I"C:\Users\Matt\Programs\sloeber\arduinoPlugin\packages\arduino\hardware\avr\1.6.14\variants\mega" -MMD -MP -MF"core\Stream.cpp.d" -MT"core\Stream.cpp.o" -D__IN_ECLIPSE__=1 -x c++ "C:\Users\Matt\Programs\sloeber\arduinoPlugin\packages\arduino\hardware\avr\1.6.14\cores\arduino\Stream.cpp" -o "core\Stream.cpp.o"  -Wall
'Finished building: C:\Users\Matt\Programs\sloeber\arduinoPlugin\packages\arduino\hardware\avr\1.6.14\cores\arduino\Stream.cpp'
' '
'Building file: C:\Users\Matt\Programs\sloeber\arduinoPlugin\packages\arduino\hardware\avr\1.6.14\cores\arduino\Tone.cpp'
'Starting C++ compile'
"C:\Users\Matt\Programs\sloeber\arduinoPlugin\tools\arduino\avr-gcc\4.9.2-atmel3.5.3-arduino2/bin/avr-g++" -c -g -Os -std=gnu++11 -fpermissive -fno-exceptions -ffunction-sections -fdata-sections -fno-threadsafe-statics -MMD -flto -mmcu=atmega2560 -DF_CPU=16000000L -DARDUINO=10609 -DARDUINO_AVR_MEGA2560 -DARDUINO_ARCH_AVR   -I"C:\Users\Matt\Programs\sloeber\arduinoPlugin\packages\arduino\hardware\avr\1.6.14\cores\arduino" -I"C:\Users\Matt\Programs\sloeber\arduinoPlugin\packages\arduino\hardware\avr\1.6.14\variants\mega" -MMD -MP -MF"core\Tone.cpp.d" -MT"core\Tone.cpp.o" -D__IN_ECLIPSE__=1 -x c++ "C:\Users\Matt\Programs\sloeber\arduinoPlugin\packages\arduino\hardware\avr\1.6.14\cores\arduino\Tone.cpp" -o "core\Tone.cpp.o"  -Wall
'Finished building: C:\Users\Matt\Programs\sloeber\arduinoPlugin\packages\arduino\hardware\avr\1.6.14\cores\arduino\Tone.cpp'
' '
'Building file: C:\Users\Matt\Programs\sloeber\arduinoPlugin\packages\arduino\hardware\avr\1.6.14\cores\arduino\USBCore.cpp'
'Starting C++ compile'
"C:\Users\Matt\Programs\sloeber\arduinoPlugin\tools\arduino\avr-gcc\4.9.2-atmel3.5.3-arduino2/bin/avr-g++" -c -g -Os -std=gnu++11 -fpermissive -fno-exceptions -ffunction-sections -fdata-sections -fno-threadsafe-statics -MMD -flto -mmcu=atmega2560 -DF_CPU=16000000L -DARDUINO=10609 -DARDUINO_AVR_MEGA2560 -DARDUINO_ARCH_AVR   -I"C:\Users\Matt\Programs\sloeber\arduinoPlugin\packages\arduino\hardware\avr\1.6.14\cores\arduino" -I"C:\Users\Matt\Programs\sloeber\arduinoPlugin\packages\arduino\hardware\avr\1.6.14\variants\mega" -MMD -MP -MF"core\USBCore.cpp.d" -MT"core\USBCore.cpp.o" -D__IN_ECLIPSE__=1 -x c++ "C:\Users\Matt\Programs\sloeber\arduinoPlugin\packages\arduino\hardware\avr\1.6.14\cores\arduino\USBCore.cpp" -o "core\USBCore.cpp.o"  -Wall
'Finished building: C:\Users\Matt\Programs\sloeber\arduinoPlugin\packages\arduino\hardware\avr\1.6.14\cores\arduino\USBCore.cpp'
' '
'Building file: C:\Users\Matt\Programs\sloeber\arduinoPlugin\packages\arduino\hardware\avr\1.6.14\cores\arduino\WInterrupts.c'
'Starting C compile'
"C:\Users\Matt\Programs\sloeber\arduinoPlugin\tools\arduino\avr-gcc\4.9.2-atmel3.5.3-arduino2/bin/avr-gcc" -c -g -Os -std=gnu11 -ffunction-sections -fdata-sections -MMD -flto -fno-fat-lto-objects -mmcu=atmega2560 -DF_CPU=16000000L -DARDUINO=10609 -DARDUINO_AVR_MEGA2560 -DARDUINO_ARCH_AVR   -I"C:\Users\Matt\Programs\sloeber\arduinoPlugin\packages\arduino\hardware\avr\1.6.14\cores\arduino" -I"C:\Users\Matt\Programs\sloeber\arduinoPlugin\packages\arduino\hardware\avr\1.6.14\variants\mega" -MMD -MP -MF"core\WInterrupts.c.d" -MT"core\WInterrupts.c.o" -D__IN_ECLIPSE__=1 "C:\Users\Matt\Programs\sloeber\arduinoPlugin\packages\arduino\hardware\avr\1.6.14\cores\arduino\WInterrupts.c" -o "core\WInterrupts.c.o"  -Wall
'Finished building: C:\Users\Matt\Programs\sloeber\arduinoPlugin\packages\arduino\hardware\avr\1.6.14\cores\arduino\WInterrupts.c'
' '
'Building file: C:\Users\Matt\Programs\sloeber\arduinoPlugin\packages\arduino\hardware\avr\1.6.14\cores\arduino\WMath.cpp'
'Starting C++ compile'
"C:\Users\Matt\Programs\sloeber\arduinoPlugin\tools\arduino\avr-gcc\4.9.2-atmel3.5.3-arduino2/bin/avr-g++" -c -g -Os -std=gnu++11 -fpermissive -fno-exceptions -ffunction-sections -fdata-sections -fno-threadsafe-statics -MMD -flto -mmcu=atmega2560 -DF_CPU=16000000L -DARDUINO=10609 -DARDUINO_AVR_MEGA2560 -DARDUINO_ARCH_AVR   -I"C:\Users\Matt\Programs\sloeber\arduinoPlugin\packages\arduino\hardware\avr\1.6.14\cores\arduino" -I"C:\Users\Matt\Programs\sloeber\arduinoPlugin\packages\arduino\hardware\avr\1.6.14\variants\mega" -MMD -MP -MF"core\WMath.cpp.d" -MT"core\WMath.cpp.o" -D__IN_ECLIPSE__=1 -x c++ "C:\Users\Matt\Programs\sloeber\arduinoPlugin\packages\arduino\hardware\avr\1.6.14\cores\arduino\WMath.cpp" -o "core\WMath.cpp.o"  -Wall
'Finished building: C:\Users\Matt\Programs\sloeber\arduinoPlugin\packages\arduino\hardware\avr\1.6.14\cores\arduino\WMath.cpp'
' '
'Building file: C:\Users\Matt\Programs\sloeber\arduinoPlugin\packages\arduino\hardware\avr\1.6.14\cores\arduino\WString.cpp'
'Starting C++ compile'
"C:\Users\Matt\Programs\sloeber\arduinoPlugin\tools\arduino\avr-gcc\4.9.2-atmel3.5.3-arduino2/bin/avr-g++" -c -g -Os -std=gnu++11 -fpermissive -fno-exceptions -ffunction-sections -fdata-sections -fno-threadsafe-statics -MMD -flto -mmcu=atmega2560 -DF_CPU=16000000L -DARDUINO=10609 -DARDUINO_AVR_MEGA2560 -DARDUINO_ARCH_AVR   -I"C:\Users\Matt\Programs\sloeber\arduinoPlugin\packages\arduino\hardware\avr\1.6.14\cores\arduino" -I"C:\Users\Matt\Programs\sloeber\arduinoPlugin\packages\arduino\hardware\avr\1.6.14\variants\mega" -MMD -MP -MF"core\WString.cpp.d" -MT"core\WString.cpp.o" -D__IN_ECLIPSE__=1 -x c++ "C:\Users\Matt\Programs\sloeber\arduinoPlugin\packages\arduino\hardware\avr\1.6.14\cores\arduino\WString.cpp" -o "core\WString.cpp.o"  -Wall
'Finished building: C:\Users\Matt\Programs\sloeber\arduinoPlugin\packages\arduino\hardware\avr\1.6.14\cores\arduino\WString.cpp'
' '
'Building file: C:\Users\Matt\Programs\sloeber\arduinoPlugin\packages\arduino\hardware\avr\1.6.14\cores\arduino\abi.cpp'
'Starting C++ compile'
"C:\Users\Matt\Programs\sloeber\arduinoPlugin\tools\arduino\avr-gcc\4.9.2-atmel3.5.3-arduino2/bin/avr-g++" -c -g -Os -std=gnu++11 -fpermissive -fno-exceptions -ffunction-sections -fdata-sections -fno-threadsafe-statics -MMD -flto -mmcu=atmega2560 -DF_CPU=16000000L -DARDUINO=10609 -DARDUINO_AVR_MEGA2560 -DARDUINO_ARCH_AVR   -I"C:\Users\Matt\Programs\sloeber\arduinoPlugin\packages\arduino\hardware\avr\1.6.14\cores\arduino" -I"C:\Users\Matt\Programs\sloeber\arduinoPlugin\packages\arduino\hardware\avr\1.6.14\variants\mega" -MMD -MP -MF"core\abi.cpp.d" -MT"core\abi.cpp.o" -D__IN_ECLIPSE__=1 -x c++ "C:\Users\Matt\Programs\sloeber\arduinoPlugin\packages\arduino\hardware\avr\1.6.14\cores\arduino\abi.cpp" -o "core\abi.cpp.o"  -Wall
'Finished building: C:\Users\Matt\Programs\sloeber\arduinoPlugin\packages\arduino\hardware\avr\1.6.14\cores\arduino\abi.cpp'
' '
'Building file: C:\Users\Matt\Programs\sloeber\arduinoPlugin\packages\arduino\hardware\avr\1.6.14\cores\arduino\hooks.c'
'Starting C compile'
"C:\Users\Matt\Programs\sloeber\arduinoPlugin\tools\arduino\avr-gcc\4.9.2-atmel3.5.3-arduino2/bin/avr-gcc" -c -g -Os -std=gnu11 -ffunction-sections -fdata-sections -MMD -flto -fno-fat-lto-objects -mmcu=atmega2560 -DF_CPU=16000000L -DARDUINO=10609 -DARDUINO_AVR_MEGA2560 -DARDUINO_ARCH_AVR   -I"C:\Users\Matt\Programs\sloeber\arduinoPlugin\packages\arduino\hardware\avr\1.6.14\cores\arduino" -I"C:\Users\Matt\Programs\sloeber\arduinoPlugin\packages\arduino\hardware\avr\1.6.14\variants\mega" -MMD -MP -MF"core\hooks.c.d" -MT"core\hooks.c.o" -D__IN_ECLIPSE__=1 "C:\Users\Matt\Programs\sloeber\arduinoPlugin\packages\arduino\hardware\avr\1.6.14\cores\arduino\hooks.c" -o "core\hooks.c.o"  -Wall
'Finished building: C:\Users\Matt\Programs\sloeber\arduinoPlugin\packages\arduino\hardware\avr\1.6.14\cores\arduino\hooks.c'
' '
'Building file: C:\Users\Matt\Programs\sloeber\arduinoPlugin\packages\arduino\hardware\avr\1.6.14\cores\arduino\main.cpp'
'Starting C++ compile'
"C:\Users\Matt\Programs\sloeber\arduinoPlugin\tools\arduino\avr-gcc\4.9.2-atmel3.5.3-arduino2/bin/avr-g++" -c -g -Os -std=gnu++11 -fpermissive -fno-exceptions -ffunction-sections -fdata-sections -fno-threadsafe-statics -MMD -flto -mmcu=atmega2560 -DF_CPU=16000000L -DARDUINO=10609 -DARDUINO_AVR_MEGA2560 -DARDUINO_ARCH_AVR   -I"C:\Users\Matt\Programs\sloeber\arduinoPlugin\packages\arduino\hardware\avr\1.6.14\cores\arduino" -I"C:\Users\Matt\Programs\sloeber\arduinoPlugin\packages\arduino\hardware\avr\1.6.14\variants\mega" -MMD -MP -MF"core\main.cpp.d" -MT"core\main.cpp.o" -D__IN_ECLIPSE__=1 -x c++ "C:\Users\Matt\Programs\sloeber\arduinoPlugin\packages\arduino\hardware\avr\1.6.14\cores\arduino\main.cpp" -o "core\main.cpp.o"  -Wall
'Finished building: C:\Users\Matt\Programs\sloeber\arduinoPlugin\packages\arduino\hardware\avr\1.6.14\cores\arduino\main.cpp'
' '
'Building file: C:\Users\Matt\Programs\sloeber\arduinoPlugin\packages\arduino\hardware\avr\1.6.14\cores\arduino\new.cpp'
'Starting C++ compile'
"C:\Users\Matt\Programs\sloeber\arduinoPlugin\tools\arduino\avr-gcc\4.9.2-atmel3.5.3-arduino2/bin/avr-g++" -c -g -Os -std=gnu++11 -fpermissive -fno-exceptions -ffunction-sections -fdata-sections -fno-threadsafe-statics -MMD -flto -mmcu=atmega2560 -DF_CPU=16000000L -DARDUINO=10609 -DARDUINO_AVR_MEGA2560 -DARDUINO_ARCH_AVR   -I"C:\Users\Matt\Programs\sloeber\arduinoPlugin\packages\arduino\hardware\avr\1.6.14\cores\arduino" -I"C:\Users\Matt\Programs\sloeber\arduinoPlugin\packages\arduino\hardware\avr\1.6.14\variants\mega" -MMD -MP -MF"core\new.cpp.d" -MT"core\new.cpp.o" -D__IN_ECLIPSE__=1 -x c++ "C:\Users\Matt\Programs\sloeber\arduinoPlugin\packages\arduino\hardware\avr\1.6.14\cores\arduino\new.cpp" -o "core\new.cpp.o"  -Wall
'Finished building: C:\Users\Matt\Programs\sloeber\arduinoPlugin\packages\arduino\hardware\avr\1.6.14\cores\arduino\new.cpp'
' '
'Building file: C:\Users\Matt\Programs\sloeber\arduinoPlugin\packages\arduino\hardware\avr\1.6.14\cores\arduino\wiring.c'
'Starting C compile'
"C:\Users\Matt\Programs\sloeber\arduinoPlugin\tools\arduino\avr-gcc\4.9.2-atmel3.5.3-arduino2/bin/avr-gcc" -c -g -Os -std=gnu11 -ffunction-sections -fdata-sections -MMD -flto -fno-fat-lto-objects -mmcu=atmega2560 -DF_CPU=16000000L -DARDUINO=10609 -DARDUINO_AVR_MEGA2560 -DARDUINO_ARCH_AVR   -I"C:\Users\Matt\Programs\sloeber\arduinoPlugin\packages\arduino\hardware\avr\1.6.14\cores\arduino" -I"C:\Users\Matt\Programs\sloeber\arduinoPlugin\packages\arduino\hardware\avr\1.6.14\variants\mega" -MMD -MP -MF"core\wiring.c.d" -MT"core\wiring.c.o" -D__IN_ECLIPSE__=1 "C:\Users\Matt\Programs\sloeber\arduinoPlugin\packages\arduino\hardware\avr\1.6.14\cores\arduino\wiring.c" -o "core\wiring.c.o"  -Wall
'Finished building: C:\Users\Matt\Programs\sloeber\arduinoPlugin\packages\arduino\hardware\avr\1.6.14\cores\arduino\wiring.c'
' '
'Building file: C:\Users\Matt\Programs\sloeber\arduinoPlugin\packages\arduino\hardware\avr\1.6.14\cores\arduino\wiring_analog.c'
'Starting C compile'
"C:\Users\Matt\Programs\sloeber\arduinoPlugin\tools\arduino\avr-gcc\4.9.2-atmel3.5.3-arduino2/bin/avr-gcc" -c -g -Os -std=gnu11 -ffunction-sections -fdata-sections -MMD -flto -fno-fat-lto-objects -mmcu=atmega2560 -DF_CPU=16000000L -DARDUINO=10609 -DARDUINO_AVR_MEGA2560 -DARDUINO_ARCH_AVR   -I"C:\Users\Matt\Programs\sloeber\arduinoPlugin\packages\arduino\hardware\avr\1.6.14\cores\arduino" -I"C:\Users\Matt\Programs\sloeber\arduinoPlugin\packages\arduino\hardware\avr\1.6.14\variants\mega" -MMD -MP -MF"core\wiring_analog.c.d" -MT"core\wiring_analog.c.o" -D__IN_ECLIPSE__=1 "C:\Users\Matt\Programs\sloeber\arduinoPlugin\packages\arduino\hardware\avr\1.6.14\cores\arduino\wiring_analog.c" -o "core\wiring_analog.c.o"  -Wall
'Finished building: C:\Users\Matt\Programs\sloeber\arduinoPlugin\packages\arduino\hardware\avr\1.6.14\cores\arduino\wiring_analog.c'
' '
'Building file: C:\Users\Matt\Programs\sloeber\arduinoPlugin\packages\arduino\hardware\avr\1.6.14\cores\arduino\wiring_digital.c'
'Starting C compile'
"C:\Users\Matt\Programs\sloeber\arduinoPlugin\tools\arduino\avr-gcc\4.9.2-atmel3.5.3-arduino2/bin/avr-gcc" -c -g -Os -std=gnu11 -ffunction-sections -fdata-sections -MMD -flto -fno-fat-lto-objects -mmcu=atmega2560 -DF_CPU=16000000L -DARDUINO=10609 -DARDUINO_AVR_MEGA2560 -DARDUINO_ARCH_AVR   -I"C:\Users\Matt\Programs\sloeber\arduinoPlugin\packages\arduino\hardware\avr\1.6.14\cores\arduino" -I"C:\Users\Matt\Programs\sloeber\arduinoPlugin\packages\arduino\hardware\avr\1.6.14\variants\mega" -MMD -MP -MF"core\wiring_digital.c.d" -MT"core\wiring_digital.c.o" -D__IN_ECLIPSE__=1 "C:\Users\Matt\Programs\sloeber\arduinoPlugin\packages\arduino\hardware\avr\1.6.14\cores\arduino\wiring_digital.c" -o "core\wiring_digital.c.o"  -Wall
'Finished building: C:\Users\Matt\Programs\sloeber\arduinoPlugin\packages\arduino\hardware\avr\1.6.14\cores\arduino\wiring_digital.c'
' '
'Building file: C:\Users\Matt\Programs\sloeber\arduinoPlugin\packages\arduino\hardware\avr\1.6.14\cores\arduino\wiring_pulse.S'
'Starting S compile'
"C:\Users\Matt\Programs\sloeber\arduinoPlugin\tools\arduino\avr-gcc\4.9.2-atmel3.5.3-arduino2/bin/avr-gcc" -c -g -x assembler-with-cpp -flto -mmcu=atmega2560 -DF_CPU=16000000L -DARDUINO=10609 -DARDUINO_AVR_MEGA2560 -DARDUINO_ARCH_AVR   -MMD -MP -MF"core\wiring_pulse.S.d" -MT"core\wiring_pulse.S.o" -D__IN_ECLIPSE__=1 "C:\Users\Matt\Programs\sloeber\arduinoPlugin\packages\arduino\hardware\avr\1.6.14\cores\arduino\wiring_pulse.S" -o "core\wiring_pulse.S.o"  -Wall
'Finished building: C:\Users\Matt\Programs\sloeber\arduinoPlugin\packages\arduino\hardware\avr\1.6.14\cores\arduino\wiring_pulse.S'
' '
'Building file: C:\Users\Matt\Programs\sloeber\arduinoPlugin\packages\arduino\hardware\avr\1.6.14\cores\arduino\wiring_pulse.c'
'Starting C compile'
"C:\Users\Matt\Programs\sloeber\arduinoPlugin\tools\arduino\avr-gcc\4.9.2-atmel3.5.3-arduino2/bin/avr-gcc" -c -g -Os -std=gnu11 -ffunction-sections -fdata-sections -MMD -flto -fno-fat-lto-objects -mmcu=atmega2560 -DF_CPU=16000000L -DARDUINO=10609 -DARDUINO_AVR_MEGA2560 -DARDUINO_ARCH_AVR   -I"C:\Users\Matt\Programs\sloeber\arduinoPlugin\packages\arduino\hardware\avr\1.6.14\cores\arduino" -I"C:\Users\Matt\Programs\sloeber\arduinoPlugin\packages\arduino\hardware\avr\1.6.14\variants\mega" -MMD -MP -MF"core\wiring_pulse.c.d" -MT"core\wiring_pulse.c.o" -D__IN_ECLIPSE__=1 "C:\Users\Matt\Programs\sloeber\arduinoPlugin\packages\arduino\hardware\avr\1.6.14\cores\arduino\wiring_pulse.c" -o "core\wiring_pulse.c.o"  -Wall
'Finished building: C:\Users\Matt\Programs\sloeber\arduinoPlugin\packages\arduino\hardware\avr\1.6.14\cores\arduino\wiring_pulse.c'
' '
'Building file: C:\Users\Matt\Programs\sloeber\arduinoPlugin\packages\arduino\hardware\avr\1.6.14\cores\arduino\wiring_shift.c'
'Starting C compile'
"C:\Users\Matt\Programs\sloeber\arduinoPlugin\tools\arduino\avr-gcc\4.9.2-atmel3.5.3-arduino2/bin/avr-gcc" -c -g -Os -std=gnu11 -ffunction-sections -fdata-sections -MMD -flto -fno-fat-lto-objects -mmcu=atmega2560 -DF_CPU=16000000L -DARDUINO=10609 -DARDUINO_AVR_MEGA2560 -DARDUINO_ARCH_AVR   -I"C:\Users\Matt\Programs\sloeber\arduinoPlugin\packages\arduino\hardware\avr\1.6.14\cores\arduino" -I"C:\Users\Matt\Programs\sloeber\arduinoPlugin\packages\arduino\hardware\avr\1.6.14\variants\mega" -MMD -MP -MF"core\wiring_shift.c.d" -MT"core\wiring_shift.c.o" -D__IN_ECLIPSE__=1 "C:\Users\Matt\Programs\sloeber\arduinoPlugin\packages\arduino\hardware\avr\1.6.14\cores\arduino\wiring_shift.c" -o "core\wiring_shift.c.o"  -Wall
'Finished building: C:\Users\Matt\Programs\sloeber\arduinoPlugin\packages\arduino\hardware\avr\1.6.14\cores\arduino\wiring_shift.c'
' '
'Starting archiver'
"C:\Users\Matt\Programs\sloeber\arduinoPlugin\tools\arduino\avr-gcc\4.9.2-atmel3.5.3-arduino2/bin/avr-gcc-ar" rcs "C:/dev/ControlPanel/Arduino/Control-Panel-V5/Control_Panel_Cpp/Release/arduino.ar"  arduino.ar  .\core\CDC.cpp.o .\core\HardwareSerial.cpp.o .\core\HardwareSerial0.cpp.o .\core\HardwareSerial1.cpp.o .\core\HardwareSerial2.cpp.o .\core\HardwareSerial3.cpp.o .\core\IPAddress.cpp.o .\core\PluggableUSB.cpp.o .\core\Print.cpp.o .\core\Stream.cpp.o .\core\Tone.cpp.o .\core\USBCore.cpp.o .\core\WInterrupts.c.o .\core\WMath.cpp.o .\core\WString.cpp.o .\core\abi.cpp.o .\core\hooks.c.o .\core\main.cpp.o .\core\new.cpp.o .\core\wiring.c.o .\core\wiring_analog.c.o .\core\wiring_digital.c.o .\core\wiring_pulse.S.o .\core\wiring_pulse.c.o .\core\wiring_shift.c.o 
'Finished building: arduino.ar'
' '
'Starting combiner'
"C:\Users\Matt\Programs\sloeber\arduinoPlugin\tools\arduino\avr-gcc\4.9.2-atmel3.5.3-arduino2/bin/avr-gcc" -Os -Wl,--gc-sections,--relax -mmcu=atmega2560 -o "C:/dev/ControlPanel/Arduino/Control-Panel-V5/Control_Panel_Cpp/Release/Control_Panel_Cpp.elf"   .\Control_Panel_Cpp.cpp.o .\Engine.cpp.o   arduino.ar   "-LC:/dev/ControlPanel/Arduino/Control-Panel-V5/Control_Panel_Cpp/Release" -lm
'Finished building: Control_Panel_Cpp.elf'
' '
'Create eeprom image'
"C:\Users\Matt\Programs\sloeber\arduinoPlugin\tools\arduino\avr-gcc\4.9.2-atmel3.5.3-arduino2/bin/avr-objcopy" -O ihex -R .eeprom  "C:\dev\ControlPanel\Arduino\Control-Panel-V5\Control_Panel_Cpp/Release/Control_Panel_Cpp.elf" "C:\dev\ControlPanel\Arduino\Control-Panel-V5\Control_Panel_Cpp/Release/Control_Panel_Cpp.hex"
"C:\Users\Matt\Programs\sloeber\arduinoPlugin\tools\arduino\avr-gcc\4.9.2-atmel3.5.3-arduino2/bin/avr-objcopy" -O ihex -j .eeprom --set-section-flags=.eeprom=alloc,load --no-change-warnings --change-section-lma .eeprom=0  "C:\dev\ControlPanel\Arduino\Control-Panel-V5\Control_Panel_Cpp/Release/Control_Panel_Cpp.elf" "C:\dev\ControlPanel\Arduino\Control-Panel-V5\Control_Panel_Cpp/Release/Control_Panel_Cpp.eep"
'Finished building: Control_Panel_Cpp.hex'
' '
'Building target: Control_Panel_Cpp'
'Printing size:'
"C:\Users\Matt\Programs\sloeber\arduinoPlugin\tools\arduino\avr-gcc\4.9.2-atmel3.5.3-arduino2/bin/avr-size" -A "C:/dev/ControlPanel/Arduino/Control-Panel-V5/Control_Panel_Cpp/Release/Control_Panel_Cpp.elf"
C:/dev/ControlPanel/Arduino/Control-Panel-V5/Control_Panel_Cpp/Release/Control_Panel_Cpp.elf  :
section                    size      addr
.data                         0   8389120
.text                       656         0
.bss                          9   8389120
.comment                     17         0
.note.gnu.avr.deviceinfo     64         0
.debug_info                3004         0
.debug_abbrev              2842         0
.debug_line                  26         0
.debug_str                  998         0
Total                      7616


'Finished building target: Control_Panel_Cpp'
' '

01:07:43 Build Finished (took 7s.173ms)

