13:36:56 **** Incremental Build of configuration Release for project Panel_Libraries ****
"C:\\MiscPrograms\\sloeber\\arduinoPlugin\\tools\\make\\make" all 
'Building target: Panel_Libraries'
'Printing size:'
"C:\MiscPrograms\sloeber\arduinoPlugin\tools\arduino\avr-gcc\4.9.2-atmel3.5.3-arduino2/bin/avr-size" -A "C:/dev/ControlPanel/Arduino/Control-Panel-V5/Panel_Libraries/Release/Panel_Libraries.elf"
C:/dev/ControlPanel/Arduino/Control-Panel-V5/Panel_Libraries/Release/Panel_Libraries.elf  :
section                    size      addr
.data                         0   8389120
.text                       656         0
.bss                          9   8389120
.comment                     17         0
.note.gnu.avr.deviceinfo     64         0
.debug_info                3004         0
.debug_abbrev              2842         0
.debug_line                  26         0
.debug_str                  998         0
Total                      7616


'Finished building target: Panel_Libraries'
' '

13:36:56 Build Finished (took 281ms)

